[2023-07-06 13:13:33.670023] [0x00001464] [trace]   Embedded OCIO configuration file: 'C:\Users\manue\Desktop\Meshroom-2023.1.0\aliceVision/share/aliceVision/config.ocio' found.
Program called with the following parameters:
 * crossMatching = 0
 * describerTypes = "akaze_mldb"
 * distanceRatio = 0.8
 * exportDebugFiles = 0
 * featuresFolders =  = [//wsl.localhost/Ubuntu/home/mvs/Splint_Photogrammetry/meshapp/backend/pipelines/MeshroomCache/FeatureExtraction/40bc6167884905b32048ef0cddf2a45120d86ecc]
 * geometricError = 0
 * geometricEstimator =  Unknown Type "enum aliceVision::robustEstimation::ERobustEstimator"
 * geometricFilterType = "fundamental_matrix"
 * guidedMatching = 0
 * imagePairsList =  = [//wsl.localhost/Ubuntu/home/mvs/Splint_Photogrammetry/meshapp/backend/pipelines/MeshroomCache/ImageMatching/161954eab6492896a91d9f36a2525ae59c173e9b/imageMatches.txt]
 * input = "//wsl.localhost/Ubuntu/home/mvs/Splint_Photogrammetry/meshapp/backend/pipelines/MeshroomCache/CameraInit/0c6f3382f79d5572180bb2d341edc2d2ce29be2c/cameraInit.sfm"
 * knownPosesGeometricErrorMax = 5
 * matchFilePerImage = 0 (default)
 * matchFromKnownCameraPoses = 0
 * maxCoresAvailable =  Unknown Type "unsigned int" (default)
 * maxIteration = 2048
 * maxMatches = 0
 * maxMemoryAvailable = 18446744073709551615 (default)
 * minRequired2DMotion = -1
 * output = "//wsl.localhost/Ubuntu/home/mvs/Splint_Photogrammetry/meshapp/backend/pipelines/MeshroomCache/FeatureMatching/b668172b1db2750b023640db73c8b5fcc66ba8e7"
 * photometricMatchingMethod = "ANN_L2"
 * randomSeed = 5489 (default)
 * rangeSize = 20
 * rangeStart = 80
 * savePutativeMatches = 0
 * useGridSort = 1 (default)
 * verboseLevel = "info"

Hardware : 
	Detected core count : 20
	OpenMP will use 20 cores
	Detected available memory : 10508 Mo

[13:13:33.704133][info] Load pair list from file: //wsl.localhost/Ubuntu/home/mvs/Splint_Photogrammetry/meshapp/backend/pipelines/MeshroomCache/ImageMatching/161954eab6492896a91d9f36a2525ae59c173e9b/imageMatches.txt
[13:13:33.714137][info] loadPairs: image pair (1235860348, 1279395160) added.
[13:13:33.714137][info] loadPairs: image pair (1235860348, 1285431996) added.
[13:13:33.715140][info] loadPairs: image pair (1235860348, 1285910014) added.
[13:13:33.715140][info] loadPairs: image pair (1235860348, 1304876427) added.
[13:13:33.715140][info] loadPairs: image pair (1235860348, 1319480394) added.
[13:13:33.715140][info] loadPairs: image pair (1235860348, 1320447603) added.
[13:13:33.715140][info] loadPairs: image pair (1235860348, 1320674634) added.
[13:13:33.716138][info] loadPairs: image pair (1235860348, 1357517525) added.
[13:13:33.716138][info] loadPairs: image pair (1235860348, 1373370736) added.
[13:13:33.716138][info] loadPairs: image pair (1235860348, 1399163051) added.
[13:13:33.716138][info] loadPairs: image pair (1235860348, 1420407352) added.
[13:13:33.717137][info] loadPairs: image pair (1235860348, 1423783774) added.
[13:13:33.717137][info] loadPairs: image pair (1235860348, 1445541490) added.
[13:13:33.717137][info] loadPairs: image pair (1235860348, 1469100426) added.
[13:13:33.717137][info] loadPairs: image pair (1235860348, 1469183564) added.
[13:13:33.717137][info] loadPairs: image pair (1235860348, 1474131265) added.
[13:13:33.718139][info] loadPairs: image pair (1235860348, 1474131460) added.
[13:13:33.718139][info] loadPairs: image pair (1235860348, 1475900148) added.
[13:13:33.718139][info] loadPairs: image pair (1235860348, 1508413065) added.
[13:13:33.718139][info] loadPairs: image pair (1235860348, 1518694747) added.
[13:13:33.718139][info] loadPairs: image pair (1235860348, 1528017630) added.
[13:13:33.719138][info] loadPairs: image pair (1235860348, 1549288932) added.
[13:13:33.719138][info] loadPairs: image pair (1235860348, 1552135573) added.
[13:13:33.719138][info] loadPairs: image pair (1235860348, 1555668470) added.
[13:13:33.719138][info] loadPairs: image pair (1235860348, 1567683569) added.
[13:13:33.719138][info] loadPairs: image pair (1235860348, 1589659490) added.
[13:13:33.720137][info] loadPairs: image pair (1235860348, 1597505101) added.
[13:13:33.720137][info] loadPairs: image pair (1235860348, 1601847743) added.
[13:13:33.720137][info] loadPairs: image pair (1235860348, 1613687421) added.
[13:13:33.720137][info] loadPairs: image pair (1235860348, 1645304695) added.
[13:13:33.720137][info] loadPairs: image pair (1235860348, 1662624740) added.
[13:13:33.721137][info] loadPairs: image pair (1235860348, 1678946140) added.
[13:13:33.721137][info] loadPairs: image pair (1235860348, 1688124412) added.
[13:13:33.721137][info] loadPairs: image pair (1235860348, 1713817945) added.
[13:13:33.721137][info] loadPairs: image pair (1235860348, 1715005649) added.
[13:13:33.721137][info] loadPairs: image pair (1235860348, 1756587576) added.
[13:13:33.722137][info] loadPairs: image pair (1235860348, 1764197627) added.
[13:13:33.722137][info] loadPairs: image pair (1235860348, 1778664660) added.
[13:13:33.722137][info] loadPairs: image pair (1235860348, 1789404339) added.
[13:13:33.722137][info] loadPairs: image pair (1235860348, 1812901642) added.
[13:13:33.723137][info] loadPairs: image pair (1235860348, 1847073189) added.
[13:13:33.723137][info] loadPairs: image pair (1235860348, 1889844248) added.
[13:13:33.723137][info] loadPairs: image pair (1235860348, 1890966247) added.
[13:13:33.723137][info] loadPairs: image pair (1235860348, 1899878787) added.
[13:13:33.723137][info] loadPairs: image pair (1235860348, 1905295286) added.
[13:13:33.723137][info] loadPairs: image pair (1235860348, 1930272984) added.
[13:13:33.724137][info] loadPairs: image pair (1235860348, 1963348489) added.
[13:13:33.724137][info] loadPairs: image pair (1235860348, 1983265070) added.
[13:13:33.724137][info] loadPairs: image pair (1235860348, 2037031379) added.
[13:13:33.724137][info] loadPairs: image pair (1235860348, 2063224989) added.
[13:13:33.724137][info] loadPairs: image pair (1235860348, 2068307099) added.
[13:13:33.725137][info] loadPairs: image pair (1235860348, 2071467912) added.
[13:13:33.725137][info] loadPairs: image pair (1235860348, 2072992088) added.
[13:13:33.725137][info] loadPairs: image pair (1235860348, 2079979104) added.
[13:13:33.725137][info] loadPairs: image pair (1235860348, 2116456553) added.
[13:13:33.725137][info] loadPairs: image pair (1235860348, 2136008698) added.
[13:13:33.726137][info] loadPairs: image pair (1279395160, 1285431996) added.
[13:13:33.726137][info] loadPairs: image pair (1279395160, 1285910014) added.
[13:13:33.726137][info] loadPairs: image pair (1279395160, 1304876427) added.
[13:13:33.726137][info] loadPairs: image pair (1279395160, 1319480394) added.
[13:13:33.726137][info] loadPairs: image pair (1279395160, 1320447603) added.
[13:13:33.727137][info] loadPairs: image pair (1279395160, 1320674634) added.
[13:13:33.727137][info] loadPairs: image pair (1279395160, 1357517525) added.
[13:13:33.727137][info] loadPairs: image pair (1279395160, 1373370736) added.
[13:13:33.727137][info] loadPairs: image pair (1279395160, 1399163051) added.
[13:13:33.727137][info] loadPairs: image pair (1279395160, 1420407352) added.
[13:13:33.728137][info] loadPairs: image pair (1279395160, 1423783774) added.
[13:13:33.728137][info] loadPairs: image pair (1279395160, 1445541490) added.
[13:13:33.728137][info] loadPairs: image pair (1279395160, 1469100426) added.
[13:13:33.728137][info] loadPairs: image pair (1279395160, 1469183564) added.
[13:13:33.728137][info] loadPairs: image pair (1279395160, 1474131265) added.
[13:13:33.729137][info] loadPairs: image pair (1279395160, 1474131460) added.
[13:13:33.729137][info] loadPairs: image pair (1279395160, 1475900148) added.
[13:13:33.729137][info] loadPairs: image pair (1279395160, 1508413065) added.
[13:13:33.729137][info] loadPairs: image pair (1279395160, 1518694747) added.
[13:13:33.729137][info] loadPairs: image pair (1279395160, 1528017630) added.
[13:13:33.730137][info] loadPairs: image pair (1279395160, 1549288932) added.
[13:13:33.730137][info] loadPairs: image pair (1279395160, 1552135573) added.
[13:13:33.730137][info] loadPairs: image pair (1279395160, 1555668470) added.
[13:13:33.730137][info] loadPairs: image pair (1279395160, 1567683569) added.
[13:13:33.731139][info] loadPairs: image pair (1279395160, 1589659490) added.
[13:13:33.731139][info] loadPairs: image pair (1279395160, 1597505101) added.
[13:13:33.731139][info] loadPairs: image pair (1279395160, 1601847743) added.
[13:13:33.731139][info] loadPairs: image pair (1279395160, 1613687421) added.
[13:13:33.732137][info] loadPairs: image pair (1279395160, 1645304695) added.
[13:13:33.732137][info] loadPairs: image pair (1279395160, 1662624740) added.
[13:13:33.732137][info] loadPairs: image pair (1279395160, 1678946140) added.
[13:13:33.732137][info] loadPairs: image pair (1279395160, 1688124412) added.
[13:13:33.732137][info] loadPairs: image pair (1279395160, 1713817945) added.
[13:13:33.733137][info] loadPairs: image pair (1279395160, 1715005649) added.
[13:13:33.733137][info] loadPairs: image pair (1279395160, 1756587576) added.
[13:13:33.733137][info] loadPairs: image pair (1279395160, 1764197627) added.
[13:13:33.733137][info] loadPairs: image pair (1279395160, 1778664660) added.
[13:13:33.733137][info] loadPairs: image pair (1279395160, 1789404339) added.
[13:13:33.734137][info] loadPairs: image pair (1279395160, 1812901642) added.
[13:13:33.734137][info] loadPairs: image pair (1279395160, 1847073189) added.
[13:13:33.734137][info] loadPairs: image pair (1279395160, 1889844248) added.
[13:13:33.734137][info] loadPairs: image pair (1279395160, 1890966247) added.
[13:13:33.734137][info] loadPairs: image pair (1279395160, 1899878787) added.
[13:13:33.735138][info] loadPairs: image pair (1279395160, 1905295286) added.
[13:13:33.735138][info] loadPairs: image pair (1279395160, 1930272984) added.
[13:13:33.735138][info] loadPairs: image pair (1279395160, 1963348489) added.
[13:13:33.735138][info] loadPairs: image pair (1279395160, 1983265070) added.
[13:13:33.735138][info] loadPairs: image pair (1279395160, 2037031379) added.
[13:13:33.736137][info] loadPairs: image pair (1279395160, 2063224989) added.
[13:13:33.736137][info] loadPairs: image pair (1279395160, 2068307099) added.
[13:13:33.736137][info] loadPairs: image pair (1279395160, 2071467912) added.
[13:13:33.736137][info] loadPairs: image pair (1279395160, 2072992088) added.
[13:13:33.736137][info] loadPairs: image pair (1279395160, 2079979104) added.
[13:13:33.737137][info] loadPairs: image pair (1279395160, 2116456553) added.
[13:13:33.737137][info] loadPairs: image pair (1279395160, 2136008698) added.
[13:13:33.737137][info] loadPairs: image pair (1285431996, 1285910014) added.
[13:13:33.737137][info] loadPairs: image pair (1285431996, 1304876427) added.
[13:13:33.737137][info] loadPairs: image pair (1285431996, 1319480394) added.
[13:13:33.738138][info] loadPairs: image pair (1285431996, 1320447603) added.
[13:13:33.738138][info] loadPairs: image pair (1285431996, 1320674634) added.
[13:13:33.738138][info] loadPairs: image pair (1285431996, 1357517525) added.
[13:13:33.738138][info] loadPairs: image pair (1285431996, 1373370736) added.
[13:13:33.738138][info] loadPairs: image pair (1285431996, 1399163051) added.
[13:13:33.739137][info] loadPairs: image pair (1285431996, 1420407352) added.
[13:13:33.739137][info] loadPairs: image pair (1285431996, 1423783774) added.
[13:13:33.739137][info] loadPairs: image pair (1285431996, 1445541490) added.
[13:13:33.739137][info] loadPairs: image pair (1285431996, 1469100426) added.
[13:13:33.739137][info] loadPairs: image pair (1285431996, 1469183564) added.
[13:13:33.739137][info] loadPairs: image pair (1285431996, 1474131265) added.
[13:13:33.740137][info] loadPairs: image pair (1285431996, 1474131460) added.
[13:13:33.740137][info] loadPairs: image pair (1285431996, 1475900148) added.
[13:13:33.740137][info] loadPairs: image pair (1285431996, 1508413065) added.
[13:13:33.740137][info] loadPairs: image pair (1285431996, 1518694747) added.
[13:13:33.740137][info] loadPairs: image pair (1285431996, 1528017630) added.
[13:13:33.741137][info] loadPairs: image pair (1285431996, 1549288932) added.
[13:13:33.741137][info] loadPairs: image pair (1285431996, 1552135573) added.
[13:13:33.741137][info] loadPairs: image pair (1285431996, 1555668470) added.
[13:13:33.741137][info] loadPairs: image pair (1285431996, 1567683569) added.
[13:13:33.741137][info] loadPairs: image pair (1285431996, 1589659490) added.
[13:13:33.741137][info] loadPairs: image pair (1285431996, 1597505101) added.
[13:13:33.742137][info] loadPairs: image pair (1285431996, 1601847743) added.
[13:13:33.742137][info] loadPairs: image pair (1285431996, 1613687421) added.
[13:13:33.742137][info] loadPairs: image pair (1285431996, 1645304695) added.
[13:13:33.742137][info] loadPairs: image pair (1285431996, 1662624740) added.
[13:13:33.742137][info] loadPairs: image pair (1285431996, 1678946140) added.
[13:13:33.742137][info] loadPairs: image pair (1285431996, 1688124412) added.
[13:13:33.743137][info] loadPairs: image pair (1285431996, 1713817945) added.
[13:13:33.743137][info] loadPairs: image pair (1285431996, 1715005649) added.
[13:13:33.743137][info] loadPairs: image pair (1285431996, 1756587576) added.
[13:13:33.743137][info] loadPairs: image pair (1285431996, 1764197627) added.
[13:13:33.743137][info] loadPairs: image pair (1285431996, 1778664660) added.
[13:13:33.744137][info] loadPairs: image pair (1285431996, 1789404339) added.
[13:13:33.744137][info] loadPairs: image pair (1285431996, 1812901642) added.
[13:13:33.744137][info] loadPairs: image pair (1285431996, 1847073189) added.
[13:13:33.744137][info] loadPairs: image pair (1285431996, 1889844248) added.
[13:13:33.744137][info] loadPairs: image pair (1285431996, 1890966247) added.
[13:13:33.744137][info] loadPairs: image pair (1285431996, 1899878787) added.
[13:13:33.745137][info] loadPairs: image pair (1285431996, 1905295286) added.
[13:13:33.745137][info] loadPairs: image pair (1285431996, 1930272984) added.
[13:13:33.745137][info] loadPairs: image pair (1285431996, 1963348489) added.
[13:13:33.745137][info] loadPairs: image pair (1285431996, 1983265070) added.
[13:13:33.746137][info] loadPairs: image pair (1285431996, 2037031379) added.
[13:13:33.746137][info] loadPairs: image pair (1285431996, 2063224989) added.
[13:13:33.746137][info] loadPairs: image pair (1285431996, 2068307099) added.
[13:13:33.746137][info] loadPairs: image pair (1285431996, 2071467912) added.
[13:13:33.746137][info] loadPairs: image pair (1285431996, 2072992088) added.
[13:13:33.747139][info] loadPairs: image pair (1285431996, 2079979104) added.
[13:13:33.747139][info] loadPairs: image pair (1285431996, 2116456553) added.
[13:13:33.747139][info] loadPairs: image pair (1285431996, 2136008698) added.
[13:13:33.747139][info] loadPairs: image pair (1285910014, 1304876427) added.
[13:13:33.748139][info] loadPairs: image pair (1285910014, 1319480394) added.
[13:13:33.748139][info] loadPairs: image pair (1285910014, 1320447603) added.
[13:13:33.748139][info] loadPairs: image pair (1285910014, 1320674634) added.
[13:13:33.748139][info] loadPairs: image pair (1285910014, 1357517525) added.
[13:13:33.749138][info] loadPairs: image pair (1285910014, 1373370736) added.
[13:13:33.749138][info] loadPairs: image pair (1285910014, 1399163051) added.
[13:13:33.749138][info] loadPairs: image pair (1285910014, 1420407352) added.
[13:13:33.749138][info] loadPairs: image pair (1285910014, 1423783774) added.
[13:13:33.749138][info] loadPairs: image pair (1285910014, 1445541490) added.
[13:13:33.750138][info] loadPairs: image pair (1285910014, 1469100426) added.
[13:13:33.750138][info] loadPairs: image pair (1285910014, 1469183564) added.
[13:13:33.750138][info] loadPairs: image pair (1285910014, 1474131265) added.
[13:13:33.750138][info] loadPairs: image pair (1285910014, 1474131460) added.
[13:13:33.750138][info] loadPairs: image pair (1285910014, 1475900148) added.
[13:13:33.751138][info] loadPairs: image pair (1285910014, 1508413065) added.
[13:13:33.751138][info] loadPairs: image pair (1285910014, 1518694747) added.
[13:13:33.751138][info] loadPairs: image pair (1285910014, 1528017630) added.
[13:13:33.751138][info] loadPairs: image pair (1285910014, 1549288932) added.
[13:13:33.751138][info] loadPairs: image pair (1285910014, 1552135573) added.
[13:13:33.752138][info] loadPairs: image pair (1285910014, 1555668470) added.
[13:13:33.752138][info] loadPairs: image pair (1285910014, 1567683569) added.
[13:13:33.752138][info] loadPairs: image pair (1285910014, 1589659490) added.
[13:13:33.752138][info] loadPairs: image pair (1285910014, 1597505101) added.
[13:13:33.752138][info] loadPairs: image pair (1285910014, 1601847743) added.
[13:13:33.753138][info] loadPairs: image pair (1285910014, 1613687421) added.
[13:13:33.753138][info] loadPairs: image pair (1285910014, 1645304695) added.
[13:13:33.753138][info] loadPairs: image pair (1285910014, 1662624740) added.
[13:13:33.753138][info] loadPairs: image pair (1285910014, 1678946140) added.
[13:13:33.753138][info] loadPairs: image pair (1285910014, 1688124412) added.
[13:13:33.754138][info] loadPairs: image pair (1285910014, 1713817945) added.
[13:13:33.754138][info] loadPairs: image pair (1285910014, 1715005649) added.
[13:13:33.754138][info] loadPairs: image pair (1285910014, 1756587576) added.
[13:13:33.754138][info] loadPairs: image pair (1285910014, 1764197627) added.
[13:13:33.755138][info] loadPairs: image pair (1285910014, 1778664660) added.
[13:13:33.755138][info] loadPairs: image pair (1285910014, 1789404339) added.
[13:13:33.755138][info] loadPairs: image pair (1285910014, 1812901642) added.
[13:13:33.755138][info] loadPairs: image pair (1285910014, 1847073189) added.
[13:13:33.755138][info] loadPairs: image pair (1285910014, 1889844248) added.
[13:13:33.756137][info] loadPairs: image pair (1285910014, 1890966247) added.
[13:13:33.756137][info] loadPairs: image pair (1285910014, 1899878787) added.
[13:13:33.756137][info] loadPairs: image pair (1285910014, 1905295286) added.
[13:13:33.756137][info] loadPairs: image pair (1285910014, 1930272984) added.
[13:13:33.756137][info] loadPairs: image pair (1285910014, 1963348489) added.
[13:13:33.757137][info] loadPairs: image pair (1285910014, 1983265070) added.
[13:13:33.757137][info] loadPairs: image pair (1285910014, 2037031379) added.
[13:13:33.757137][info] loadPairs: image pair (1285910014, 2063224989) added.
[13:13:33.757137][info] loadPairs: image pair (1285910014, 2068307099) added.
[13:13:33.757137][info] loadPairs: image pair (1285910014, 2071467912) added.
[13:13:33.758179][info] loadPairs: image pair (1285910014, 2072992088) added.
[13:13:33.758179][info] loadPairs: image pair (1285910014, 2079979104) added.
[13:13:33.758179][info] loadPairs: image pair (1285910014, 2116456553) added.
[13:13:33.758179][info] loadPairs: image pair (1285910014, 2136008698) added.
[13:13:33.758179][info] loadPairs: image pair (1304876427, 1319480394) added.
[13:13:33.759182][info] loadPairs: image pair (1304876427, 1320447603) added.
[13:13:33.759182][info] loadPairs: image pair (1304876427, 1320674634) added.
[13:13:33.759182][info] loadPairs: image pair (1304876427, 1357517525) added.
[13:13:33.759182][info] loadPairs: image pair (1304876427, 1373370736) added.
[13:13:33.760172][info] loadPairs: image pair (1304876427, 1399163051) added.
[13:13:33.760172][info] loadPairs: image pair (1304876427, 1420407352) added.
[13:13:33.760172][info] loadPairs: image pair (1304876427, 1423783774) added.
[13:13:33.760172][info] loadPairs: image pair (1304876427, 1445541490) added.
[13:13:33.761140][info] loadPairs: image pair (1304876427, 1469100426) added.
[13:13:33.761140][info] loadPairs: image pair (1304876427, 1469183564) added.
[13:13:33.761140][info] loadPairs: image pair (1304876427, 1474131265) added.
[13:13:33.762140][info] loadPairs: image pair (1304876427, 1474131460) added.
[13:13:33.762140][info] loadPairs: image pair (1304876427, 1475900148) added.
[13:13:33.762140][info] loadPairs: image pair (1304876427, 1508413065) added.
[13:13:33.762140][info] loadPairs: image pair (1304876427, 1518694747) added.
[13:13:33.763137][info] loadPairs: image pair (1304876427, 1528017630) added.
[13:13:33.763137][info] loadPairs: image pair (1304876427, 1549288932) added.
[13:13:33.763137][info] loadPairs: image pair (1304876427, 1552135573) added.
[13:13:33.763137][info] loadPairs: image pair (1304876427, 1555668470) added.
[13:13:33.763137][info] loadPairs: image pair (1304876427, 1567683569) added.
[13:13:33.764138][info] loadPairs: image pair (1304876427, 1589659490) added.
[13:13:33.764138][info] loadPairs: image pair (1304876427, 1597505101) added.
[13:13:33.764138][info] loadPairs: image pair (1304876427, 1601847743) added.
[13:13:33.764138][info] loadPairs: image pair (1304876427, 1613687421) added.
[13:13:33.764138][info] loadPairs: image pair (1304876427, 1645304695) added.
[13:13:33.765142][info] loadPairs: image pair (1304876427, 1662624740) added.
[13:13:33.765142][info] loadPairs: image pair (1304876427, 1678946140) added.
[13:13:33.765142][info] loadPairs: image pair (1304876427, 1688124412) added.
[13:13:33.765142][info] loadPairs: image pair (1304876427, 1713817945) added.
[13:13:33.765142][info] loadPairs: image pair (1304876427, 1715005649) added.
[13:13:33.766141][info] loadPairs: image pair (1304876427, 1756587576) added.
[13:13:33.766141][info] loadPairs: image pair (1304876427, 1764197627) added.
[13:13:33.766141][info] loadPairs: image pair (1304876427, 1778664660) added.
[13:13:33.766141][info] loadPairs: image pair (1304876427, 1789404339) added.
[13:13:33.767138][info] loadPairs: image pair (1304876427, 1812901642) added.
[13:13:33.767138][info] loadPairs: image pair (1304876427, 1847073189) added.
[13:13:33.767138][info] loadPairs: image pair (1304876427, 1889844248) added.
[13:13:33.767138][info] loadPairs: image pair (1304876427, 1890966247) added.
[13:13:33.767138][info] loadPairs: image pair (1304876427, 1899878787) added.
[13:13:33.768142][info] loadPairs: image pair (1304876427, 1905295286) added.
[13:13:33.768142][info] loadPairs: image pair (1304876427, 1930272984) added.
[13:13:33.768142][info] loadPairs: image pair (1304876427, 1963348489) added.
[13:13:33.768142][info] loadPairs: image pair (1304876427, 1983265070) added.
[13:13:33.768142][info] loadPairs: image pair (1304876427, 2037031379) added.
[13:13:33.769148][info] loadPairs: image pair (1304876427, 2063224989) added.
[13:13:33.769148][info] loadPairs: image pair (1304876427, 2068307099) added.
[13:13:33.769148][info] loadPairs: image pair (1304876427, 2071467912) added.
[13:13:33.769148][info] loadPairs: image pair (1304876427, 2072992088) added.
[13:13:33.769148][info] loadPairs: image pair (1304876427, 2079979104) added.
[13:13:33.770148][info] loadPairs: image pair (1304876427, 2116456553) added.
[13:13:33.770148][info] loadPairs: image pair (1304876427, 2136008698) added.
[13:13:33.770148][info] loadPairs: image pair (1319480394, 1320447603) added.
[13:13:33.770148][info] loadPairs: image pair (1319480394, 1320674634) added.
[13:13:33.770148][info] loadPairs: image pair (1319480394, 1357517525) added.
[13:13:33.771149][info] loadPairs: image pair (1319480394, 1373370736) added.
[13:13:33.771149][info] loadPairs: image pair (1319480394, 1399163051) added.
[13:13:33.771149][info] loadPairs: image pair (1319480394, 1420407352) added.
[13:13:33.771149][info] loadPairs: image pair (1319480394, 1423783774) added.
[13:13:33.771149][info] loadPairs: image pair (1319480394, 1445541490) added.
[13:13:33.772148][info] loadPairs: image pair (1319480394, 1469100426) added.
[13:13:33.772148][info] loadPairs: image pair (1319480394, 1469183564) added.
[13:13:33.772148][info] loadPairs: image pair (1319480394, 1474131265) added.
[13:13:33.772148][info] loadPairs: image pair (1319480394, 1474131460) added.
[13:13:33.772148][info] loadPairs: image pair (1319480394, 1475900148) added.
[13:13:33.773147][info] loadPairs: image pair (1319480394, 1508413065) added.
[13:13:33.773147][info] loadPairs: image pair (1319480394, 1518694747) added.
[13:13:33.773147][info] loadPairs: image pair (1319480394, 1528017630) added.
[13:13:33.773147][info] loadPairs: image pair (1319480394, 1549288932) added.
[13:13:33.774147][info] loadPairs: image pair (1319480394, 1552135573) added.
[13:13:33.774147][info] loadPairs: image pair (1319480394, 1555668470) added.
[13:13:33.774147][info] loadPairs: image pair (1319480394, 1567683569) added.
[13:13:33.774147][info] loadPairs: image pair (1319480394, 1589659490) added.
[13:13:33.774147][info] loadPairs: image pair (1319480394, 1597505101) added.
[13:13:33.775146][info] loadPairs: image pair (1319480394, 1601847743) added.
[13:13:33.775146][info] loadPairs: image pair (1319480394, 1613687421) added.
[13:13:33.775146][info] loadPairs: image pair (1319480394, 1645304695) added.
[13:13:33.775146][info] loadPairs: image pair (1319480394, 1662624740) added.
[13:13:33.775146][info] loadPairs: image pair (1319480394, 1678946140) added.
[13:13:33.776146][info] loadPairs: image pair (1319480394, 1688124412) added.
[13:13:33.776146][info] loadPairs: image pair (1319480394, 1713817945) added.
[13:13:33.776146][info] loadPairs: image pair (1319480394, 1715005649) added.
[13:13:33.776146][info] loadPairs: image pair (1319480394, 1756587576) added.
[13:13:33.777149][info] loadPairs: image pair (1319480394, 1764197627) added.
[13:13:33.777149][info] loadPairs: image pair (1319480394, 1778664660) added.
[13:13:33.777149][info] loadPairs: image pair (1319480394, 1789404339) added.
[13:13:33.777149][info] loadPairs: image pair (1319480394, 1812901642) added.
[13:13:33.778148][info] loadPairs: image pair (1319480394, 1847073189) added.
[13:13:33.778148][info] loadPairs: image pair (1319480394, 1889844248) added.
[13:13:33.778148][info] loadPairs: image pair (1319480394, 1890966247) added.
[13:13:33.778148][info] loadPairs: image pair (1319480394, 1899878787) added.
[13:13:33.778148][info] loadPairs: image pair (1319480394, 1905295286) added.
[13:13:33.779147][info] loadPairs: image pair (1319480394, 1930272984) added.
[13:13:33.779147][info] loadPairs: image pair (1319480394, 1963348489) added.
[13:13:33.779147][info] loadPairs: image pair (1319480394, 1983265070) added.
[13:13:33.779147][info] loadPairs: image pair (1319480394, 2037031379) added.
[13:13:33.779147][info] loadPairs: image pair (1319480394, 2063224989) added.
[13:13:33.780146][info] loadPairs: image pair (1319480394, 2068307099) added.
[13:13:33.780146][info] loadPairs: image pair (1319480394, 2071467912) added.
[13:13:33.780146][info] loadPairs: image pair (1319480394, 2072992088) added.
[13:13:33.780146][info] loadPairs: image pair (1319480394, 2079979104) added.
[13:13:33.780146][info] loadPairs: image pair (1319480394, 2116456553) added.
[13:13:33.781146][info] loadPairs: image pair (1319480394, 2136008698) added.
[13:13:33.781146][info] loadPairs: image pair (1320447603, 1320674634) added.
[13:13:33.781146][info] loadPairs: image pair (1320447603, 1357517525) added.
[13:13:33.781146][info] loadPairs: image pair (1320447603, 1373370736) added.
[13:13:33.781146][info] loadPairs: image pair (1320447603, 1399163051) added.
[13:13:33.782146][info] loadPairs: image pair (1320447603, 1420407352) added.
[13:13:33.782146][info] loadPairs: image pair (1320447603, 1423783774) added.
[13:13:33.782146][info] loadPairs: image pair (1320447603, 1445541490) added.
[13:13:33.782146][info] loadPairs: image pair (1320447603, 1469100426) added.
[13:13:33.782146][info] loadPairs: image pair (1320447603, 1469183564) added.
[13:13:33.783146][info] loadPairs: image pair (1320447603, 1474131265) added.
[13:13:33.783146][info] loadPairs: image pair (1320447603, 1474131460) added.
[13:13:33.783146][info] loadPairs: image pair (1320447603, 1475900148) added.
[13:13:33.783146][info] loadPairs: image pair (1320447603, 1508413065) added.
[13:13:33.783146][info] loadPairs: image pair (1320447603, 1518694747) added.
[13:13:33.783146][info] loadPairs: image pair (1320447603, 1528017630) added.
[13:13:33.784333][info] loadPairs: image pair (1320447603, 1549288932) added.
[13:13:33.784333][info] loadPairs: image pair (1320447603, 1552135573) added.
[13:13:33.784333][info] loadPairs: image pair (1320447603, 1555668470) added.
[13:13:33.784333][info] loadPairs: image pair (1320447603, 1567683569) added.
[13:13:33.784333][info] loadPairs: image pair (1320447603, 1589659490) added.
[13:13:33.785333][info] loadPairs: image pair (1320447603, 1597505101) added.
[13:13:33.785333][info] loadPairs: image pair (1320447603, 1601847743) added.
[13:13:33.785333][info] loadPairs: image pair (1320447603, 1613687421) added.
[13:13:33.785333][info] loadPairs: image pair (1320447603, 1645304695) added.
[13:13:33.785333][info] loadPairs: image pair (1320447603, 1662624740) added.
[13:13:33.785333][info] loadPairs: image pair (1320447603, 1678946140) added.
[13:13:33.786333][info] loadPairs: image pair (1320447603, 1688124412) added.
[13:13:33.786333][info] loadPairs: image pair (1320447603, 1713817945) added.
[13:13:33.786333][info] loadPairs: image pair (1320447603, 1715005649) added.
[13:13:33.786333][info] loadPairs: image pair (1320447603, 1756587576) added.
[13:13:33.786333][info] loadPairs: image pair (1320447603, 1764197627) added.
[13:13:33.787333][info] loadPairs: image pair (1320447603, 1778664660) added.
[13:13:33.787333][info] loadPairs: image pair (1320447603, 1789404339) added.
[13:13:33.787333][info] loadPairs: image pair (1320447603, 1812901642) added.
[13:13:33.787333][info] loadPairs: image pair (1320447603, 1847073189) added.
[13:13:33.788334][info] loadPairs: image pair (1320447603, 1889844248) added.
[13:13:33.788334][info] loadPairs: image pair (1320447603, 1890966247) added.
[13:13:33.788334][info] loadPairs: image pair (1320447603, 1899878787) added.
[13:13:33.788334][info] loadPairs: image pair (1320447603, 1905295286) added.
[13:13:33.788334][info] loadPairs: image pair (1320447603, 1930272984) added.
[13:13:33.788334][info] loadPairs: image pair (1320447603, 1963348489) added.
[13:13:33.789333][info] loadPairs: image pair (1320447603, 1983265070) added.
[13:13:33.789333][info] loadPairs: image pair (1320447603, 2037031379) added.
[13:13:33.789333][info] loadPairs: image pair (1320447603, 2063224989) added.
[13:13:33.789333][info] loadPairs: image pair (1320447603, 2068307099) added.
[13:13:33.789333][info] loadPairs: image pair (1320447603, 2071467912) added.
[13:13:33.790333][info] loadPairs: image pair (1320447603, 2072992088) added.
[13:13:33.790333][info] loadPairs: image pair (1320447603, 2079979104) added.
[13:13:33.790333][info] loadPairs: image pair (1320447603, 2116456553) added.
[13:13:33.790333][info] loadPairs: image pair (1320447603, 2136008698) added.
[13:13:33.791334][info] loadPairs: image pair (1320674634, 1357517525) added.
[13:13:33.791334][info] loadPairs: image pair (1320674634, 1373370736) added.
[13:13:33.791334][info] loadPairs: image pair (1320674634, 1399163051) added.
[13:13:33.791334][info] loadPairs: image pair (1320674634, 1420407352) added.
[13:13:33.791334][info] loadPairs: image pair (1320674634, 1423783774) added.
[13:13:33.792335][info] loadPairs: image pair (1320674634, 1445541490) added.
[13:13:33.792335][info] loadPairs: image pair (1320674634, 1469100426) added.
[13:13:33.792335][info] loadPairs: image pair (1320674634, 1469183564) added.
[13:13:33.792335][info] loadPairs: image pair (1320674634, 1474131265) added.
[13:13:33.793333][info] loadPairs: image pair (1320674634, 1474131460) added.
[13:13:33.793333][info] loadPairs: image pair (1320674634, 1475900148) added.
[13:13:33.793333][info] loadPairs: image pair (1320674634, 1508413065) added.
[13:13:33.793333][info] loadPairs: image pair (1320674634, 1518694747) added.
[13:13:33.793333][info] loadPairs: image pair (1320674634, 1528017630) added.
[13:13:33.793333][info] loadPairs: image pair (1320674634, 1549288932) added.
[13:13:33.794333][info] loadPairs: image pair (1320674634, 1552135573) added.
[13:13:33.794333][info] loadPairs: image pair (1320674634, 1555668470) added.
[13:13:33.794333][info] loadPairs: image pair (1320674634, 1567683569) added.
[13:13:33.794333][info] loadPairs: image pair (1320674634, 1589659490) added.
[13:13:33.795333][info] loadPairs: image pair (1320674634, 1597505101) added.
[13:13:33.795333][info] loadPairs: image pair (1320674634, 1601847743) added.
[13:13:33.795333][info] loadPairs: image pair (1320674634, 1613687421) added.
[13:13:33.795333][info] loadPairs: image pair (1320674634, 1645304695) added.
[13:13:33.796333][info] loadPairs: image pair (1320674634, 1662624740) added.
[13:13:33.796333][info] loadPairs: image pair (1320674634, 1678946140) added.
[13:13:33.796333][info] loadPairs: image pair (1320674634, 1688124412) added.
[13:13:33.796333][info] loadPairs: image pair (1320674634, 1713817945) added.
[13:13:33.796333][info] loadPairs: image pair (1320674634, 1715005649) added.
[13:13:33.796333][info] loadPairs: image pair (1320674634, 1756587576) added.
[13:13:33.797333][info] loadPairs: image pair (1320674634, 1764197627) added.
[13:13:33.797333][info] loadPairs: image pair (1320674634, 1778664660) added.
[13:13:33.797333][info] loadPairs: image pair (1320674634, 1789404339) added.
[13:13:33.797333][info] loadPairs: image pair (1320674634, 1812901642) added.
[13:13:33.797333][info] loadPairs: image pair (1320674634, 1847073189) added.
[13:13:33.798333][info] loadPairs: image pair (1320674634, 1889844248) added.
[13:13:33.798333][info] loadPairs: image pair (1320674634, 1890966247) added.
[13:13:33.798333][info] loadPairs: image pair (1320674634, 1899878787) added.
[13:13:33.798333][info] loadPairs: image pair (1320674634, 1905295286) added.
[13:13:33.798333][info] loadPairs: image pair (1320674634, 1930272984) added.
[13:13:33.799333][info] loadPairs: image pair (1320674634, 1963348489) added.
[13:13:33.799333][info] loadPairs: image pair (1320674634, 1983265070) added.
[13:13:33.799333][info] loadPairs: image pair (1320674634, 2037031379) added.
[13:13:33.799333][info] loadPairs: image pair (1320674634, 2063224989) added.
[13:13:33.800333][info] loadPairs: image pair (1320674634, 2068307099) added.
[13:13:33.800333][info] loadPairs: image pair (1320674634, 2071467912) added.
[13:13:33.800333][info] loadPairs: image pair (1320674634, 2072992088) added.
[13:13:33.800333][info] loadPairs: image pair (1320674634, 2079979104) added.
[13:13:33.800333][info] loadPairs: image pair (1320674634, 2116456553) added.
[13:13:33.800333][info] loadPairs: image pair (1320674634, 2136008698) added.
[13:13:33.801333][info] loadPairs: image pair (1357517525, 1373370736) added.
[13:13:33.801333][info] loadPairs: image pair (1357517525, 1399163051) added.
[13:13:33.801333][info] loadPairs: image pair (1357517525, 1420407352) added.
[13:13:33.801333][info] loadPairs: image pair (1357517525, 1423783774) added.
[13:13:33.801333][info] loadPairs: image pair (1357517525, 1445541490) added.
[13:13:33.802333][info] loadPairs: image pair (1357517525, 1469100426) added.
[13:13:33.802333][info] loadPairs: image pair (1357517525, 1469183564) added.
[13:13:33.802333][info] loadPairs: image pair (1357517525, 1474131265) added.
[13:13:33.802333][info] loadPairs: image pair (1357517525, 1474131460) added.
[13:13:33.802333][info] loadPairs: image pair (1357517525, 1475900148) added.
[13:13:33.803333][info] loadPairs: image pair (1357517525, 1508413065) added.
[13:13:33.803333][info] loadPairs: image pair (1357517525, 1518694747) added.
[13:13:33.803333][info] loadPairs: image pair (1357517525, 1528017630) added.
[13:13:33.803333][info] loadPairs: image pair (1357517525, 1549288932) added.
[13:13:33.803333][info] loadPairs: image pair (1357517525, 1552135573) added.
[13:13:33.803333][info] loadPairs: image pair (1357517525, 1555668470) added.
[13:13:33.804333][info] loadPairs: image pair (1357517525, 1567683569) added.
[13:13:33.804333][info] loadPairs: image pair (1357517525, 1589659490) added.
[13:13:33.804333][info] loadPairs: image pair (1357517525, 1597505101) added.
[13:13:33.804333][info] loadPairs: image pair (1357517525, 1601847743) added.
[13:13:33.804333][info] loadPairs: image pair (1357517525, 1613687421) added.
[13:13:33.804333][info] loadPairs: image pair (1357517525, 1645304695) added.
[13:13:33.805333][info] loadPairs: image pair (1357517525, 1662624740) added.
[13:13:33.805333][info] loadPairs: image pair (1357517525, 1678946140) added.
[13:13:33.805333][info] loadPairs: image pair (1357517525, 1688124412) added.
[13:13:33.805333][info] loadPairs: image pair (1357517525, 1713817945) added.
[13:13:33.805333][info] loadPairs: image pair (1357517525, 1715005649) added.
[13:13:33.806333][info] loadPairs: image pair (1357517525, 1756587576) added.
[13:13:33.806333][info] loadPairs: image pair (1357517525, 1764197627) added.
[13:13:33.806333][info] loadPairs: image pair (1357517525, 1778664660) added.
[13:13:33.806333][info] loadPairs: image pair (1357517525, 1789404339) added.
[13:13:33.806333][info] loadPairs: image pair (1357517525, 1812901642) added.
[13:13:33.807334][info] loadPairs: image pair (1357517525, 1847073189) added.
[13:13:33.807334][info] loadPairs: image pair (1357517525, 1889844248) added.
[13:13:33.807334][info] loadPairs: image pair (1357517525, 1890966247) added.
[13:13:33.807334][info] loadPairs: image pair (1357517525, 1899878787) added.
[13:13:33.807334][info] loadPairs: image pair (1357517525, 1905295286) added.
[13:13:33.808335][info] loadPairs: image pair (1357517525, 1930272984) added.
[13:13:33.808335][info] loadPairs: image pair (1357517525, 1963348489) added.
[13:13:33.808335][info] loadPairs: image pair (1357517525, 1983265070) added.
[13:13:33.808335][info] loadPairs: image pair (1357517525, 2037031379) added.
[13:13:33.808335][info] loadPairs: image pair (1357517525, 2063224989) added.
[13:13:33.809334][info] loadPairs: image pair (1357517525, 2068307099) added.
[13:13:33.809334][info] loadPairs: image pair (1357517525, 2071467912) added.
[13:13:33.809334][info] loadPairs: image pair (1357517525, 2072992088) added.
[13:13:33.809334][info] loadPairs: image pair (1357517525, 2079979104) added.
[13:13:33.809334][info] loadPairs: image pair (1357517525, 2116456553) added.
[13:13:33.809334][info] loadPairs: image pair (1357517525, 2136008698) added.
[13:13:33.810333][info] loadPairs: image pair (1373370736, 1399163051) added.
[13:13:33.810333][info] loadPairs: image pair (1373370736, 1420407352) added.
[13:13:33.810333][info] loadPairs: image pair (1373370736, 1423783774) added.
[13:13:33.810333][info] loadPairs: image pair (1373370736, 1445541490) added.
[13:13:33.810333][info] loadPairs: image pair (1373370736, 1469100426) added.
[13:13:33.811333][info] loadPairs: image pair (1373370736, 1469183564) added.
[13:13:33.811333][info] loadPairs: image pair (1373370736, 1474131265) added.
[13:13:33.811333][info] loadPairs: image pair (1373370736, 1474131460) added.
[13:13:33.811333][info] loadPairs: image pair (1373370736, 1475900148) added.
[13:13:33.811333][info] loadPairs: image pair (1373370736, 1508413065) added.
[13:13:33.812333][info] loadPairs: image pair (1373370736, 1518694747) added.
[13:13:33.812333][info] loadPairs: image pair (1373370736, 1528017630) added.
[13:13:33.812333][info] loadPairs: image pair (1373370736, 1549288932) added.
[13:13:33.812333][info] loadPairs: image pair (1373370736, 1552135573) added.
[13:13:33.812333][info] loadPairs: image pair (1373370736, 1555668470) added.
[13:13:33.813333][info] loadPairs: image pair (1373370736, 1567683569) added.
[13:13:33.813333][info] loadPairs: image pair (1373370736, 1589659490) added.
[13:13:33.813333][info] loadPairs: image pair (1373370736, 1597505101) added.
[13:13:33.813333][info] loadPairs: image pair (1373370736, 1601847743) added.
[13:13:33.813333][info] loadPairs: image pair (1373370736, 1613687421) added.
[13:13:33.814333][info] loadPairs: image pair (1373370736, 1645304695) added.
[13:13:33.814333][info] loadPairs: image pair (1373370736, 1662624740) added.
[13:13:33.814333][info] loadPairs: image pair (1373370736, 1678946140) added.
[13:13:33.814333][info] loadPairs: image pair (1373370736, 1688124412) added.
[13:13:33.814333][info] loadPairs: image pair (1373370736, 1713817945) added.
[13:13:33.814333][info] loadPairs: image pair (1373370736, 1715005649) added.
[13:13:33.815333][info] loadPairs: image pair (1373370736, 1756587576) added.
[13:13:33.815333][info] loadPairs: image pair (1373370736, 1764197627) added.
[13:13:33.815333][info] loadPairs: image pair (1373370736, 1778664660) added.
[13:13:33.815333][info] loadPairs: image pair (1373370736, 1789404339) added.
[13:13:33.815333][info] loadPairs: image pair (1373370736, 1812901642) added.
[13:13:33.816333][info] loadPairs: image pair (1373370736, 1847073189) added.
[13:13:33.816333][info] loadPairs: image pair (1373370736, 1889844248) added.
[13:13:33.816333][info] loadPairs: image pair (1373370736, 1890966247) added.
[13:13:33.816333][info] loadPairs: image pair (1373370736, 1899878787) added.
[13:13:33.816333][info] loadPairs: image pair (1373370736, 1905295286) added.
[13:13:33.817333][info] loadPairs: image pair (1373370736, 1930272984) added.
[13:13:33.817333][info] loadPairs: image pair (1373370736, 1963348489) added.
[13:13:33.817333][info] loadPairs: image pair (1373370736, 1983265070) added.
[13:13:33.817333][info] loadPairs: image pair (1373370736, 2037031379) added.
[13:13:33.817333][info] loadPairs: image pair (1373370736, 2063224989) added.
[13:13:33.818333][info] loadPairs: image pair (1373370736, 2068307099) added.
[13:13:33.818333][info] loadPairs: image pair (1373370736, 2071467912) added.
[13:13:33.818333][info] loadPairs: image pair (1373370736, 2072992088) added.
[13:13:33.818333][info] loadPairs: image pair (1373370736, 2079979104) added.
[13:13:33.818333][info] loadPairs: image pair (1373370736, 2116456553) added.
[13:13:33.818333][info] loadPairs: image pair (1373370736, 2136008698) added.
[13:13:33.819333][info] loadPairs: image pair (1399163051, 1420407352) added.
[13:13:33.819333][info] loadPairs: image pair (1399163051, 1423783774) added.
[13:13:33.819333][info] loadPairs: image pair (1399163051, 1445541490) added.
[13:13:33.819333][info] loadPairs: image pair (1399163051, 1469100426) added.
[13:13:33.819333][info] loadPairs: image pair (1399163051, 1469183564) added.
[13:13:33.819333][info] loadPairs: image pair (1399163051, 1474131265) added.
[13:13:33.820333][info] loadPairs: image pair (1399163051, 1474131460) added.
[13:13:33.820333][info] loadPairs: image pair (1399163051, 1475900148) added.
[13:13:33.820333][info] loadPairs: image pair (1399163051, 1508413065) added.
[13:13:33.820333][info] loadPairs: image pair (1399163051, 1518694747) added.
[13:13:33.820333][info] loadPairs: image pair (1399163051, 1528017630) added.
[13:13:33.821333][info] loadPairs: image pair (1399163051, 1549288932) added.
[13:13:33.821333][info] loadPairs: image pair (1399163051, 1552135573) added.
[13:13:33.821333][info] loadPairs: image pair (1399163051, 1555668470) added.
[13:13:33.821333][info] loadPairs: image pair (1399163051, 1567683569) added.
[13:13:33.821333][info] loadPairs: image pair (1399163051, 1589659490) added.
[13:13:33.822333][info] loadPairs: image pair (1399163051, 1597505101) added.
[13:13:33.822333][info] loadPairs: image pair (1399163051, 1601847743) added.
[13:13:33.822333][info] loadPairs: image pair (1399163051, 1613687421) added.
[13:13:33.822333][info] loadPairs: image pair (1399163051, 1645304695) added.
[13:13:33.823334][info] loadPairs: image pair (1399163051, 1662624740) added.
[13:13:33.823334][info] loadPairs: image pair (1399163051, 1678946140) added.
[13:13:33.823334][info] loadPairs: image pair (1399163051, 1688124412) added.
[13:13:33.823334][info] loadPairs: image pair (1399163051, 1713817945) added.
[13:13:33.823334][info] loadPairs: image pair (1399163051, 1715005649) added.
[13:13:33.823334][info] loadPairs: image pair (1399163051, 1756587576) added.
[13:13:33.824334][info] loadPairs: image pair (1399163051, 1764197627) added.
[13:13:33.824334][info] loadPairs: image pair (1399163051, 1778664660) added.
[13:13:33.824334][info] loadPairs: image pair (1399163051, 1789404339) added.
[13:13:33.824334][info] loadPairs: image pair (1399163051, 1812901642) added.
[13:13:33.824334][info] loadPairs: image pair (1399163051, 1847073189) added.
[13:13:33.825333][info] loadPairs: image pair (1399163051, 1889844248) added.
[13:13:33.825333][info] loadPairs: image pair (1399163051, 1890966247) added.
[13:13:33.825333][info] loadPairs: image pair (1399163051, 1899878787) added.
[13:13:33.825333][info] loadPairs: image pair (1399163051, 1905295286) added.
[13:13:33.825333][info] loadPairs: image pair (1399163051, 1930272984) added.
[13:13:33.826333][info] loadPairs: image pair (1399163051, 1963348489) added.
[13:13:33.826333][info] loadPairs: image pair (1399163051, 1983265070) added.
[13:13:33.826333][info] loadPairs: image pair (1399163051, 2037031379) added.
[13:13:33.826333][info] loadPairs: image pair (1399163051, 2063224989) added.
[13:13:33.826333][info] loadPairs: image pair (1399163051, 2068307099) added.
[13:13:33.827333][info] loadPairs: image pair (1399163051, 2071467912) added.
[13:13:33.827333][info] loadPairs: image pair (1399163051, 2072992088) added.
[13:13:33.827333][info] loadPairs: image pair (1399163051, 2079979104) added.
[13:13:33.827333][info] loadPairs: image pair (1399163051, 2116456553) added.
[13:13:33.827333][info] loadPairs: image pair (1399163051, 2136008698) added.
[13:13:33.828333][info] loadPairs: image pair (1420407352, 1423783774) added.
[13:13:33.828333][info] loadPairs: image pair (1420407352, 1445541490) added.
[13:13:33.828333][info] loadPairs: image pair (1420407352, 1469100426) added.
[13:13:33.828333][info] loadPairs: image pair (1420407352, 1469183564) added.
[13:13:33.828333][info] loadPairs: image pair (1420407352, 1474131265) added.
[13:13:33.829333][info] loadPairs: image pair (1420407352, 1474131460) added.
[13:13:33.829333][info] loadPairs: image pair (1420407352, 1475900148) added.
[13:13:33.829333][info] loadPairs: image pair (1420407352, 1508413065) added.
[13:13:33.829333][info] loadPairs: image pair (1420407352, 1518694747) added.
[13:13:33.830333][info] loadPairs: image pair (1420407352, 1528017630) added.
[13:13:33.830333][info] loadPairs: image pair (1420407352, 1549288932) added.
[13:13:33.830333][info] loadPairs: image pair (1420407352, 1552135573) added.
[13:13:33.830333][info] loadPairs: image pair (1420407352, 1555668470) added.
[13:13:33.830333][info] loadPairs: image pair (1420407352, 1567683569) added.
[13:13:33.831333][info] loadPairs: image pair (1420407352, 1589659490) added.
[13:13:33.831333][info] loadPairs: image pair (1420407352, 1597505101) added.
[13:13:33.831333][info] loadPairs: image pair (1420407352, 1601847743) added.
[13:13:33.831333][info] loadPairs: image pair (1420407352, 1613687421) added.
[13:13:33.831333][info] loadPairs: image pair (1420407352, 1645304695) added.
[13:13:33.831333][info] loadPairs: image pair (1420407352, 1662624740) added.
[13:13:33.832333][info] loadPairs: image pair (1420407352, 1678946140) added.
[13:13:33.832333][info] loadPairs: image pair (1420407352, 1688124412) added.
[13:13:33.832333][info] loadPairs: image pair (1420407352, 1713817945) added.
[13:13:33.832333][info] loadPairs: image pair (1420407352, 1715005649) added.
[13:13:33.832333][info] loadPairs: image pair (1420407352, 1756587576) added.
[13:13:33.833333][info] loadPairs: image pair (1420407352, 1764197627) added.
[13:13:33.833333][info] loadPairs: image pair (1420407352, 1778664660) added.
[13:13:33.833333][info] loadPairs: image pair (1420407352, 1789404339) added.
[13:13:33.833333][info] loadPairs: image pair (1420407352, 1812901642) added.
[13:13:33.833333][info] loadPairs: image pair (1420407352, 1847073189) added.
[13:13:33.833333][info] loadPairs: image pair (1420407352, 1889844248) added.
[13:13:33.834333][info] loadPairs: image pair (1420407352, 1890966247) added.
[13:13:33.834333][info] loadPairs: image pair (1420407352, 1899878787) added.
[13:13:33.834333][info] loadPairs: image pair (1420407352, 1905295286) added.
[13:13:33.834333][info] loadPairs: image pair (1420407352, 1930272984) added.
[13:13:33.834333][info] loadPairs: image pair (1420407352, 1963348489) added.
[13:13:33.835333][info] loadPairs: image pair (1420407352, 1983265070) added.
[13:13:33.835333][info] loadPairs: image pair (1420407352, 2037031379) added.
[13:13:33.835333][info] loadPairs: image pair (1420407352, 2063224989) added.
[13:13:33.835333][info] loadPairs: image pair (1420407352, 2068307099) added.
[13:13:33.835333][info] loadPairs: image pair (1420407352, 2071467912) added.
[13:13:33.836333][info] loadPairs: image pair (1420407352, 2072992088) added.
[13:13:33.836333][info] loadPairs: image pair (1420407352, 2079979104) added.
[13:13:33.836333][info] loadPairs: image pair (1420407352, 2116456553) added.
[13:13:33.836333][info] loadPairs: image pair (1420407352, 2136008698) added.
[13:13:33.836333][info] loadPairs: image pair (1423783774, 1445541490) added.
[13:13:33.836333][info] loadPairs: image pair (1423783774, 1469100426) added.
[13:13:33.837333][info] loadPairs: image pair (1423783774, 1469183564) added.
[13:13:33.837333][info] loadPairs: image pair (1423783774, 1474131265) added.
[13:13:33.837333][info] loadPairs: image pair (1423783774, 1474131460) added.
[13:13:33.837333][info] loadPairs: image pair (1423783774, 1475900148) added.
[13:13:33.837333][info] loadPairs: image pair (1423783774, 1508413065) added.
[13:13:33.838333][info] loadPairs: image pair (1423783774, 1518694747) added.
[13:13:33.838333][info] loadPairs: image pair (1423783774, 1528017630) added.
[13:13:33.838333][info] loadPairs: image pair (1423783774, 1549288932) added.
[13:13:33.838333][info] loadPairs: image pair (1423783774, 1552135573) added.
[13:13:33.838333][info] loadPairs: image pair (1423783774, 1555668470) added.
[13:13:33.839334][info] loadPairs: image pair (1423783774, 1567683569) added.
[13:13:33.839334][info] loadPairs: image pair (1423783774, 1589659490) added.
[13:13:33.839334][info] loadPairs: image pair (1423783774, 1597505101) added.
[13:13:33.839334][info] loadPairs: image pair (1423783774, 1601847743) added.
[13:13:33.839334][info] loadPairs: image pair (1423783774, 1613687421) added.
[13:13:33.839334][info] loadPairs: image pair (1423783774, 1645304695) added.
[13:13:33.840334][info] loadPairs: image pair (1423783774, 1662624740) added.
[13:13:33.840334][info] loadPairs: image pair (1423783774, 1678946140) added.
[13:13:33.840334][info] loadPairs: image pair (1423783774, 1688124412) added.
[13:13:33.840334][info] loadPairs: image pair (1423783774, 1713817945) added.
[13:13:33.840334][info] loadPairs: image pair (1423783774, 1715005649) added.
[13:13:33.841333][info] loadPairs: image pair (1423783774, 1756587576) added.
[13:13:33.841333][info] loadPairs: image pair (1423783774, 1764197627) added.
[13:13:33.841333][info] loadPairs: image pair (1423783774, 1778664660) added.
[13:13:33.841333][info] loadPairs: image pair (1423783774, 1789404339) added.
[13:13:33.841333][info] loadPairs: image pair (1423783774, 1812901642) added.
[13:13:33.841333][info] loadPairs: image pair (1423783774, 1847073189) added.
[13:13:33.842333][info] loadPairs: image pair (1423783774, 1889844248) added.
[13:13:33.842333][info] loadPairs: image pair (1423783774, 1890966247) added.
[13:13:33.842333][info] loadPairs: image pair (1423783774, 1899878787) added.
[13:13:33.842333][info] loadPairs: image pair (1423783774, 1905295286) added.
[13:13:33.842333][info] loadPairs: image pair (1423783774, 1930272984) added.
[13:13:33.842333][info] loadPairs: image pair (1423783774, 1963348489) added.
[13:13:33.843333][info] loadPairs: image pair (1423783774, 1983265070) added.
[13:13:33.843333][info] loadPairs: image pair (1423783774, 2037031379) added.
[13:13:33.843333][info] loadPairs: image pair (1423783774, 2063224989) added.
[13:13:33.843333][info] loadPairs: image pair (1423783774, 2068307099) added.
[13:13:33.843333][info] loadPairs: image pair (1423783774, 2071467912) added.
[13:13:33.844333][info] loadPairs: image pair (1423783774, 2072992088) added.
[13:13:33.844333][info] loadPairs: image pair (1423783774, 2079979104) added.
[13:13:33.844333][info] loadPairs: image pair (1423783774, 2116456553) added.
[13:13:33.844333][info] loadPairs: image pair (1423783774, 2136008698) added.
[13:13:33.844333][info] loadPairs: image pair (1445541490, 1469100426) added.
[13:13:33.845333][info] loadPairs: image pair (1445541490, 1469183564) added.
[13:13:33.845333][info] loadPairs: image pair (1445541490, 1474131265) added.
[13:13:33.845333][info] loadPairs: image pair (1445541490, 1474131460) added.
[13:13:33.845333][info] loadPairs: image pair (1445541490, 1475900148) added.
[13:13:33.846333][info] loadPairs: image pair (1445541490, 1508413065) added.
[13:13:33.846333][info] loadPairs: image pair (1445541490, 1518694747) added.
[13:13:33.846333][info] loadPairs: image pair (1445541490, 1528017630) added.
[13:13:33.846333][info] loadPairs: image pair (1445541490, 1549288932) added.
[13:13:33.846333][info] loadPairs: image pair (1445541490, 1552135573) added.
[13:13:33.846333][info] loadPairs: image pair (1445541490, 1555668470) added.
[13:13:33.847333][info] loadPairs: image pair (1445541490, 1567683569) added.
[13:13:33.847333][info] loadPairs: image pair (1445541490, 1589659490) added.
[13:13:33.847333][info] loadPairs: image pair (1445541490, 1597505101) added.
[13:13:33.847333][info] loadPairs: image pair (1445541490, 1601847743) added.
[13:13:33.847333][info] loadPairs: image pair (1445541490, 1613687421) added.
[13:13:33.848333][info] loadPairs: image pair (1445541490, 1645304695) added.
[13:13:33.848333][info] loadPairs: image pair (1445541490, 1662624740) added.
[13:13:33.848333][info] loadPairs: image pair (1445541490, 1678946140) added.
[13:13:33.848333][info] loadPairs: image pair (1445541490, 1688124412) added.
[13:13:33.848333][info] loadPairs: image pair (1445541490, 1713817945) added.
[13:13:33.848333][info] loadPairs: image pair (1445541490, 1715005649) added.
[13:13:33.849333][info] loadPairs: image pair (1445541490, 1756587576) added.
[13:13:33.849333][info] loadPairs: image pair (1445541490, 1764197627) added.
[13:13:33.849333][info] loadPairs: image pair (1445541490, 1778664660) added.
[13:13:33.849333][info] loadPairs: image pair (1445541490, 1789404339) added.
[13:13:33.849333][info] loadPairs: image pair (1445541490, 1812901642) added.
[13:13:33.850333][info] loadPairs: image pair (1445541490, 1847073189) added.
[13:13:33.850333][info] loadPairs: image pair (1445541490, 1889844248) added.
[13:13:33.850333][info] loadPairs: image pair (1445541490, 1890966247) added.
[13:13:33.850333][info] loadPairs: image pair (1445541490, 1899878787) added.
[13:13:33.850333][info] loadPairs: image pair (1445541490, 1905295286) added.
[13:13:33.850333][info] loadPairs: image pair (1445541490, 1930272984) added.
[13:13:33.851333][info] loadPairs: image pair (1445541490, 1963348489) added.
[13:13:33.851333][info] loadPairs: image pair (1445541490, 1983265070) added.
[13:13:33.851333][info] loadPairs: image pair (1445541490, 2037031379) added.
[13:13:33.851333][info] loadPairs: image pair (1445541490, 2063224989) added.
[13:13:33.851333][info] loadPairs: image pair (1445541490, 2068307099) added.
[13:13:33.852333][info] loadPairs: image pair (1445541490, 2071467912) added.
[13:13:33.852333][info] loadPairs: image pair (1445541490, 2072992088) added.
[13:13:33.852333][info] loadPairs: image pair (1445541490, 2079979104) added.
[13:13:33.852333][info] loadPairs: image pair (1445541490, 2116456553) added.
[13:13:33.852333][info] loadPairs: image pair (1445541490, 2136008698) added.
[13:13:33.852333][info] loadPairs: image pair (1469100426, 1469183564) added.
[13:13:33.853333][info] loadPairs: image pair (1469100426, 1474131265) added.
[13:13:33.853333][info] loadPairs: image pair (1469100426, 1474131460) added.
[13:13:33.853333][info] loadPairs: image pair (1469100426, 1475900148) added.
[13:13:33.853333][info] loadPairs: image pair (1469100426, 1508413065) added.
[13:13:33.853333][info] loadPairs: image pair (1469100426, 1518694747) added.
[13:13:33.854334][info] loadPairs: image pair (1469100426, 1528017630) added.
[13:13:33.854334][info] loadPairs: image pair (1469100426, 1549288932) added.
[13:13:33.854334][info] loadPairs: image pair (1469100426, 1552135573) added.
[13:13:33.854334][info] loadPairs: image pair (1469100426, 1555668470) added.
[13:13:33.854334][info] loadPairs: image pair (1469100426, 1567683569) added.
[13:13:33.855333][info] loadPairs: image pair (1469100426, 1589659490) added.
[13:13:33.855333][info] loadPairs: image pair (1469100426, 1597505101) added.
[13:13:33.855333][info] loadPairs: image pair (1469100426, 1601847743) added.
[13:13:33.855333][info] loadPairs: image pair (1469100426, 1613687421) added.
[13:13:33.855333][info] loadPairs: image pair (1469100426, 1645304695) added.
[13:13:33.856333][info] loadPairs: image pair (1469100426, 1662624740) added.
[13:13:33.856333][info] loadPairs: image pair (1469100426, 1678946140) added.
[13:13:33.856333][info] loadPairs: image pair (1469100426, 1688124412) added.
[13:13:33.856333][info] loadPairs: image pair (1469100426, 1713817945) added.
[13:13:33.857333][info] loadPairs: image pair (1469100426, 1715005649) added.
[13:13:33.857333][info] loadPairs: image pair (1469100426, 1756587576) added.
[13:13:33.857333][info] loadPairs: image pair (1469100426, 1764197627) added.
[13:13:33.857333][info] loadPairs: image pair (1469100426, 1778664660) added.
[13:13:33.857333][info] loadPairs: image pair (1469100426, 1789404339) added.
[13:13:33.857333][info] loadPairs: image pair (1469100426, 1812901642) added.
[13:13:33.858333][info] loadPairs: image pair (1469100426, 1847073189) added.
[13:13:33.858333][info] loadPairs: image pair (1469100426, 1889844248) added.
[13:13:33.858333][info] loadPairs: image pair (1469100426, 1890966247) added.
[13:13:33.858333][info] loadPairs: image pair (1469100426, 1899878787) added.
[13:13:33.858333][info] loadPairs: image pair (1469100426, 1905295286) added.
[13:13:33.858333][info] loadPairs: image pair (1469100426, 1930272984) added.
[13:13:33.859333][info] loadPairs: image pair (1469100426, 1963348489) added.
[13:13:33.859333][info] loadPairs: image pair (1469100426, 1983265070) added.
[13:13:33.859333][info] loadPairs: image pair (1469100426, 2037031379) added.
[13:13:33.859333][info] loadPairs: image pair (1469100426, 2063224989) added.
[13:13:33.859333][info] loadPairs: image pair (1469100426, 2068307099) added.
[13:13:33.860333][info] loadPairs: image pair (1469100426, 2071467912) added.
[13:13:33.860333][info] loadPairs: image pair (1469100426, 2072992088) added.
[13:13:33.860333][info] loadPairs: image pair (1469100426, 2079979104) added.
[13:13:33.860333][info] loadPairs: image pair (1469100426, 2116456553) added.
[13:13:33.861333][info] loadPairs: image pair (1469100426, 2136008698) added.
[13:13:33.861333][info] loadPairs: image pair (1469183564, 1474131265) added.
[13:13:33.861333][info] loadPairs: image pair (1469183564, 1474131460) added.
[13:13:33.861333][info] loadPairs: image pair (1469183564, 1475900148) added.
[13:13:33.862333][info] loadPairs: image pair (1469183564, 1508413065) added.
[13:13:33.862333][info] loadPairs: image pair (1469183564, 1518694747) added.
[13:13:33.862333][info] loadPairs: image pair (1469183564, 1528017630) added.
[13:13:33.862333][info] loadPairs: image pair (1469183564, 1549288932) added.
[13:13:33.862333][info] loadPairs: image pair (1469183564, 1552135573) added.
[13:13:33.862333][info] loadPairs: image pair (1469183564, 1555668470) added.
[13:13:33.863333][info] loadPairs: image pair (1469183564, 1567683569) added.
[13:13:33.863333][info] loadPairs: image pair (1469183564, 1589659490) added.
[13:13:33.863333][info] loadPairs: image pair (1469183564, 1597505101) added.
[13:13:33.863333][info] loadPairs: image pair (1469183564, 1601847743) added.
[13:13:33.863333][info] loadPairs: image pair (1469183564, 1613687421) added.
[13:13:33.864333][info] loadPairs: image pair (1469183564, 1645304695) added.
[13:13:33.864333][info] loadPairs: image pair (1469183564, 1662624740) added.
[13:13:33.864333][info] loadPairs: image pair (1469183564, 1678946140) added.
[13:13:33.864333][info] loadPairs: image pair (1469183564, 1688124412) added.
[13:13:33.864333][info] loadPairs: image pair (1469183564, 1713817945) added.
[13:13:33.865333][info] loadPairs: image pair (1469183564, 1715005649) added.
[13:13:33.865333][info] loadPairs: image pair (1469183564, 1756587576) added.
[13:13:33.865333][info] loadPairs: image pair (1469183564, 1764197627) added.
[13:13:33.865333][info] loadPairs: image pair (1469183564, 1778664660) added.
[13:13:33.866333][info] loadPairs: image pair (1469183564, 1789404339) added.
[13:13:33.866333][info] loadPairs: image pair (1469183564, 1812901642) added.
[13:13:33.866333][info] loadPairs: image pair (1469183564, 1847073189) added.
[13:13:33.866333][info] loadPairs: image pair (1469183564, 1889844248) added.
[13:13:33.867333][info] loadPairs: image pair (1469183564, 1890966247) added.
[13:13:33.867333][info] loadPairs: image pair (1469183564, 1899878787) added.
[13:13:33.867333][info] loadPairs: image pair (1469183564, 1905295286) added.
[13:13:33.867333][info] loadPairs: image pair (1469183564, 1930272984) added.
[13:13:33.867333][info] loadPairs: image pair (1469183564, 1963348489) added.
[13:13:33.868333][info] loadPairs: image pair (1469183564, 1983265070) added.
[13:13:33.868333][info] loadPairs: image pair (1469183564, 2037031379) added.
[13:13:33.868333][info] loadPairs: image pair (1469183564, 2063224989) added.
[13:13:33.869338][info] loadPairs: image pair (1469183564, 2068307099) added.
[13:13:33.869338][info] loadPairs: image pair (1469183564, 2071467912) added.
[13:13:33.869338][info] loadPairs: image pair (1469183564, 2072992088) added.
[13:13:33.869338][info] loadPairs: image pair (1469183564, 2079979104) added.
[13:13:33.869338][info] loadPairs: image pair (1469183564, 2116456553) added.
[13:13:33.870337][info] loadPairs: image pair (1469183564, 2136008698) added.
[13:13:33.870337][info] loadPairs: image pair (1474131265, 1474131460) added.
[13:13:33.870337][info] loadPairs: image pair (1474131265, 1475900148) added.
[13:13:33.870337][info] loadPairs: image pair (1474131265, 1508413065) added.
[13:13:33.871337][info] loadPairs: image pair (1474131265, 1518694747) added.
[13:13:33.871337][info] loadPairs: image pair (1474131265, 1528017630) added.
[13:13:33.871337][info] loadPairs: image pair (1474131265, 1549288932) added.
[13:13:33.871337][info] loadPairs: image pair (1474131265, 1552135573) added.
[13:13:33.872337][info] loadPairs: image pair (1474131265, 1555668470) added.
[13:13:33.872337][info] loadPairs: image pair (1474131265, 1567683569) added.
[13:13:33.872337][info] loadPairs: image pair (1474131265, 1589659490) added.
[13:13:33.872337][info] loadPairs: image pair (1474131265, 1597505101) added.
[13:13:33.873337][info] loadPairs: image pair (1474131265, 1601847743) added.
[13:13:33.873337][info] loadPairs: image pair (1474131265, 1613687421) added.
[13:13:33.873337][info] loadPairs: image pair (1474131265, 1645304695) added.
[13:13:33.873337][info] loadPairs: image pair (1474131265, 1662624740) added.
[13:13:33.873337][info] loadPairs: image pair (1474131265, 1678946140) added.
[13:13:33.874337][info] loadPairs: image pair (1474131265, 1688124412) added.
[13:13:33.874337][info] loadPairs: image pair (1474131265, 1713817945) added.
[13:13:33.874337][info] loadPairs: image pair (1474131265, 1715005649) added.
[13:13:33.874337][info] loadPairs: image pair (1474131265, 1756587576) added.
[13:13:33.875337][info] loadPairs: image pair (1474131265, 1764197627) added.
[13:13:33.875337][info] loadPairs: image pair (1474131265, 1778664660) added.
[13:13:33.875337][info] loadPairs: image pair (1474131265, 1789404339) added.
[13:13:33.875337][info] loadPairs: image pair (1474131265, 1812901642) added.
[13:13:33.875337][info] loadPairs: image pair (1474131265, 1847073189) added.
[13:13:33.876337][info] loadPairs: image pair (1474131265, 1889844248) added.
[13:13:33.876337][info] loadPairs: image pair (1474131265, 1890966247) added.
[13:13:33.876337][info] loadPairs: image pair (1474131265, 1899878787) added.
[13:13:33.876337][info] loadPairs: image pair (1474131265, 1905295286) added.
[13:13:33.877337][info] loadPairs: image pair (1474131265, 1930272984) added.
[13:13:33.877337][info] loadPairs: image pair (1474131265, 1963348489) added.
[13:13:33.877337][info] loadPairs: image pair (1474131265, 1983265070) added.
[13:13:33.877337][info] loadPairs: image pair (1474131265, 2037031379) added.
[13:13:33.877337][info] loadPairs: image pair (1474131265, 2063224989) added.
[13:13:33.878337][info] loadPairs: image pair (1474131265, 2068307099) added.
[13:13:33.878337][info] loadPairs: image pair (1474131265, 2071467912) added.
[13:13:33.878337][info] loadPairs: image pair (1474131265, 2072992088) added.
[13:13:33.879337][info] loadPairs: image pair (1474131265, 2079979104) added.
[13:13:33.879337][info] loadPairs: image pair (1474131265, 2116456553) added.
[13:13:33.879337][info] loadPairs: image pair (1474131265, 2136008698) added.
[13:13:33.879337][info] loadPairs: image pair (1474131460, 1475900148) added.
[13:13:33.879337][info] loadPairs: image pair (1474131460, 1508413065) added.
[13:13:33.880337][info] loadPairs: image pair (1474131460, 1518694747) added.
[13:13:33.880337][info] loadPairs: image pair (1474131460, 1528017630) added.
[13:13:33.880337][info] loadPairs: image pair (1474131460, 1549288932) added.
[13:13:33.880337][info] loadPairs: image pair (1474131460, 1552135573) added.
[13:13:33.881337][info] loadPairs: image pair (1474131460, 1555668470) added.
[13:13:33.881337][info] loadPairs: image pair (1474131460, 1567683569) added.
[13:13:33.881337][info] loadPairs: image pair (1474131460, 1589659490) added.
[13:13:33.881337][info] loadPairs: image pair (1474131460, 1597505101) added.
[13:13:33.882337][info] loadPairs: image pair (1474131460, 1601847743) added.
[13:13:33.882337][info] loadPairs: image pair (1474131460, 1613687421) added.
[13:13:33.882337][info] loadPairs: image pair (1474131460, 1645304695) added.
[13:13:33.882337][info] loadPairs: image pair (1474131460, 1662624740) added.
[13:13:33.882337][info] loadPairs: image pair (1474131460, 1678946140) added.
[13:13:33.883337][info] loadPairs: image pair (1474131460, 1688124412) added.
[13:13:33.883337][info] loadPairs: image pair (1474131460, 1713817945) added.
[13:13:33.883337][info] loadPairs: image pair (1474131460, 1715005649) added.
[13:13:33.883337][info] loadPairs: image pair (1474131460, 1756587576) added.
[13:13:33.883337][info] loadPairs: image pair (1474131460, 1764197627) added.
[13:13:33.884498][info] loadPairs: image pair (1474131460, 1778664660) added.
[13:13:33.884498][info] loadPairs: image pair (1474131460, 1789404339) added.
[13:13:33.884498][info] loadPairs: image pair (1474131460, 1812901642) added.
[13:13:33.884498][info] loadPairs: image pair (1474131460, 1847073189) added.
[13:13:33.885500][info] loadPairs: image pair (1474131460, 1889844248) added.
[13:13:33.885500][info] loadPairs: image pair (1474131460, 1890966247) added.
[13:13:33.885500][info] loadPairs: image pair (1474131460, 1899878787) added.
[13:13:33.885500][info] loadPairs: image pair (1474131460, 1905295286) added.
[13:13:33.885500][info] loadPairs: image pair (1474131460, 1930272984) added.
[13:13:33.886499][info] loadPairs: image pair (1474131460, 1963348489) added.
[13:13:33.886499][info] loadPairs: image pair (1474131460, 1983265070) added.
[13:13:33.886499][info] loadPairs: image pair (1474131460, 2037031379) added.
[13:13:33.886499][info] loadPairs: image pair (1474131460, 2063224989) added.
[13:13:33.887498][info] loadPairs: image pair (1474131460, 2068307099) added.
[13:13:33.887498][info] loadPairs: image pair (1474131460, 2071467912) added.
[13:13:33.887498][info] loadPairs: image pair (1474131460, 2072992088) added.
[13:13:33.887498][info] loadPairs: image pair (1474131460, 2079979104) added.
[13:13:33.888498][info] loadPairs: image pair (1474131460, 2116456553) added.
[13:13:33.888498][info] loadPairs: image pair (1474131460, 2136008698) added.
[13:13:33.888498][info] loadPairs: image pair (1475900148, 1508413065) added.
[13:13:33.888498][info] loadPairs: image pair (1475900148, 1518694747) added.
[13:13:33.889498][info] loadPairs: image pair (1475900148, 1528017630) added.
[13:13:33.889498][info] loadPairs: image pair (1475900148, 1549288932) added.
[13:13:33.889498][info] loadPairs: image pair (1475900148, 1552135573) added.
[13:13:33.889498][info] loadPairs: image pair (1475900148, 1555668470) added.
[13:13:33.890498][info] loadPairs: image pair (1475900148, 1567683569) added.
[13:13:33.890498][info] loadPairs: image pair (1475900148, 1589659490) added.
[13:13:33.890498][info] loadPairs: image pair (1475900148, 1597505101) added.
[13:13:33.890498][info] loadPairs: image pair (1475900148, 1601847743) added.
[13:13:33.890498][info] loadPairs: image pair (1475900148, 1613687421) added.
[13:13:33.891499][info] loadPairs: image pair (1475900148, 1645304695) added.
[13:13:33.891499][info] loadPairs: image pair (1475900148, 1662624740) added.
[13:13:33.891499][info] loadPairs: image pair (1475900148, 1678946140) added.
[13:13:33.891499][info] loadPairs: image pair (1475900148, 1688124412) added.
[13:13:33.892499][info] loadPairs: image pair (1475900148, 1713817945) added.
[13:13:33.892499][info] loadPairs: image pair (1475900148, 1715005649) added.
[13:13:33.892499][info] loadPairs: image pair (1475900148, 1756587576) added.
[13:13:33.892499][info] loadPairs: image pair (1475900148, 1764197627) added.
[13:13:33.893499][info] loadPairs: image pair (1475900148, 1778664660) added.
[13:13:33.893499][info] loadPairs: image pair (1475900148, 1789404339) added.
[13:13:33.893499][info] loadPairs: image pair (1475900148, 1812901642) added.
[13:13:33.893499][info] loadPairs: image pair (1475900148, 1847073189) added.
[13:13:33.894498][info] loadPairs: image pair (1475900148, 1889844248) added.
[13:13:33.894498][info] loadPairs: image pair (1475900148, 1890966247) added.
[13:13:33.894498][info] loadPairs: image pair (1475900148, 1899878787) added.
[13:13:33.894498][info] loadPairs: image pair (1475900148, 1905295286) added.
[13:13:33.895498][info] loadPairs: image pair (1475900148, 1930272984) added.
[13:13:33.895498][info] loadPairs: image pair (1475900148, 1963348489) added.
[13:13:33.895498][info] loadPairs: image pair (1475900148, 1983265070) added.
[13:13:33.895498][info] loadPairs: image pair (1475900148, 2037031379) added.
[13:13:33.896498][info] loadPairs: image pair (1475900148, 2063224989) added.
[13:13:33.896498][info] loadPairs: image pair (1475900148, 2068307099) added.
[13:13:33.896498][info] loadPairs: image pair (1475900148, 2071467912) added.
[13:13:33.896498][info] loadPairs: image pair (1475900148, 2072992088) added.
[13:13:33.896498][info] loadPairs: image pair (1475900148, 2079979104) added.
[13:13:33.897498][info] loadPairs: image pair (1475900148, 2116456553) added.
[13:13:33.897498][info] loadPairs: image pair (1475900148, 2136008698) added.
[13:13:33.897498][info] loadPairs: image pair (1508413065, 1518694747) added.
[13:13:33.897498][info] loadPairs: image pair (1508413065, 1528017630) added.
[13:13:33.898498][info] loadPairs: image pair (1508413065, 1549288932) added.
[13:13:33.898498][info] loadPairs: image pair (1508413065, 1552135573) added.
[13:13:33.898498][info] loadPairs: image pair (1508413065, 1555668470) added.
[13:13:33.898498][info] loadPairs: image pair (1508413065, 1567683569) added.
[13:13:33.898498][info] loadPairs: image pair (1508413065, 1589659490) added.
[13:13:33.899498][info] loadPairs: image pair (1508413065, 1597505101) added.
[13:13:33.899498][info] loadPairs: image pair (1508413065, 1601847743) added.
[13:13:33.899498][info] loadPairs: image pair (1508413065, 1613687421) added.
[13:13:33.899498][info] loadPairs: image pair (1508413065, 1645304695) added.
[13:13:33.900498][info] loadPairs: image pair (1508413065, 1662624740) added.
[13:13:33.900498][info] loadPairs: image pair (1508413065, 1678946140) added.
[13:13:33.900498][info] loadPairs: image pair (1508413065, 1688124412) added.
[13:13:33.900498][info] loadPairs: image pair (1508413065, 1713817945) added.
[13:13:33.901499][info] loadPairs: image pair (1508413065, 1715005649) added.
[13:13:33.901499][info] loadPairs: image pair (1508413065, 1756587576) added.
[13:13:33.901499][info] loadPairs: image pair (1508413065, 1764197627) added.
[13:13:33.901499][info] loadPairs: image pair (1508413065, 1778664660) added.
[13:13:33.902499][info] loadPairs: image pair (1508413065, 1789404339) added.
[13:13:33.902499][info] loadPairs: image pair (1508413065, 1812901642) added.
[13:13:33.902499][info] loadPairs: image pair (1508413065, 1847073189) added.
[13:13:33.902499][info] loadPairs: image pair (1508413065, 1889844248) added.
[13:13:33.902499][info] loadPairs: image pair (1508413065, 1890966247) added.
[13:13:33.903499][info] loadPairs: image pair (1508413065, 1899878787) added.
[13:13:33.903499][info] loadPairs: image pair (1508413065, 1905295286) added.
[13:13:33.903499][info] loadPairs: image pair (1508413065, 1930272984) added.
[13:13:33.903499][info] loadPairs: image pair (1508413065, 1963348489) added.
[13:13:33.903499][info] loadPairs: image pair (1508413065, 1983265070) added.
[13:13:33.904498][info] loadPairs: image pair (1508413065, 2037031379) added.
[13:13:33.904498][info] loadPairs: image pair (1508413065, 2063224989) added.
[13:13:33.904498][info] loadPairs: image pair (1508413065, 2068307099) added.
[13:13:33.904498][info] loadPairs: image pair (1508413065, 2071467912) added.
[13:13:33.905498][info] loadPairs: image pair (1508413065, 2072992088) added.
[13:13:33.905498][info] loadPairs: image pair (1508413065, 2079979104) added.
[13:13:33.905498][info] loadPairs: image pair (1508413065, 2116456553) added.
[13:13:33.905498][info] loadPairs: image pair (1508413065, 2136008698) added.
[13:13:33.906499][info] Number of pairs: 930
[13:13:33.906499][info] There are 137 views and 930 image pairs.
[13:13:33.906499][info] Load features and descriptors
Loading regions
0%   10   20   30   40   50   60   70   80   90   100%
|----|----|----|----|----|----|----|----|----|----|
**********************[13:13:34.609333][info] Putative matches (unknown poses): 930 image pairs.
[13:13:34.609333][info] akaze_mldb Regions Matching

0%   10   20   30   40   50   60   70   80   90   100%
|----|----|----|----|----|----|----|----|----|----|
***************************************************
[13:13:34.616330][info] No putative feature matches.
