[2023-07-06 13:13:34.691842] [0x00006cf4] [trace]   Embedded OCIO configuration file: 'C:\Users\manue\Desktop\Meshroom-2023.1.0\aliceVision/share/aliceVision/config.ocio' found.
Program called with the following parameters:
 * crossMatching = 0
 * describerTypes = "akaze_mldb"
 * distanceRatio = 0.8
 * exportDebugFiles = 0
 * featuresFolders =  = [//wsl.localhost/Ubuntu/home/mvs/Splint_Photogrammetry/meshapp/backend/pipelines/MeshroomCache/FeatureExtraction/40bc6167884905b32048ef0cddf2a45120d86ecc]
 * geometricError = 0
 * geometricEstimator =  Unknown Type "enum aliceVision::robustEstimation::ERobustEstimator"
 * geometricFilterType = "fundamental_matrix"
 * guidedMatching = 0
 * imagePairsList =  = [//wsl.localhost/Ubuntu/home/mvs/Splint_Photogrammetry/meshapp/backend/pipelines/MeshroomCache/ImageMatching/161954eab6492896a91d9f36a2525ae59c173e9b/imageMatches.txt]
 * input = "//wsl.localhost/Ubuntu/home/mvs/Splint_Photogrammetry/meshapp/backend/pipelines/MeshroomCache/CameraInit/0c6f3382f79d5572180bb2d341edc2d2ce29be2c/cameraInit.sfm"
 * knownPosesGeometricErrorMax = 5
 * matchFilePerImage = 0 (default)
 * matchFromKnownCameraPoses = 0
 * maxCoresAvailable =  Unknown Type "unsigned int" (default)
 * maxIteration = 2048
 * maxMatches = 0
 * maxMemoryAvailable = 18446744073709551615 (default)
 * minRequired2DMotion = -1
 * output = "//wsl.localhost/Ubuntu/home/mvs/Splint_Photogrammetry/meshapp/backend/pipelines/MeshroomCache/FeatureMatching/b668172b1db2750b023640db73c8b5fcc66ba8e7"
 * photometricMatchingMethod = "ANN_L2"
 * randomSeed = 5489 (default)
 * rangeSize = 20
 * rangeStart = 100
 * savePutativeMatches = 0
 * useGridSort = 1 (default)
 * verboseLevel = "info"

Hardware : 
	Detected core count : 20
	OpenMP will use 20 cores
	Detected available memory : 10509 Mo

[13:13:34.726841][info] Load pair list from file: //wsl.localhost/Ubuntu/home/mvs/Splint_Photogrammetry/meshapp/backend/pipelines/MeshroomCache/ImageMatching/161954eab6492896a91d9f36a2525ae59c173e9b/imageMatches.txt
[13:13:34.738842][info] loadPairs: image pair (1518694747, 1528017630) added.
[13:13:34.738842][info] loadPairs: image pair (1518694747, 1549288932) added.
[13:13:34.739842][info] loadPairs: image pair (1518694747, 1552135573) added.
[13:13:34.739842][info] loadPairs: image pair (1518694747, 1555668470) added.
[13:13:34.739842][info] loadPairs: image pair (1518694747, 1567683569) added.
[13:13:34.739842][info] loadPairs: image pair (1518694747, 1589659490) added.
[13:13:34.740842][info] loadPairs: image pair (1518694747, 1597505101) added.
[13:13:34.740842][info] loadPairs: image pair (1518694747, 1601847743) added.
[13:13:34.740842][info] loadPairs: image pair (1518694747, 1613687421) added.
[13:13:34.740842][info] loadPairs: image pair (1518694747, 1645304695) added.
[13:13:34.740842][info] loadPairs: image pair (1518694747, 1662624740) added.
[13:13:34.741842][info] loadPairs: image pair (1518694747, 1678946140) added.
[13:13:34.741842][info] loadPairs: image pair (1518694747, 1688124412) added.
[13:13:34.741842][info] loadPairs: image pair (1518694747, 1713817945) added.
[13:13:34.741842][info] loadPairs: image pair (1518694747, 1715005649) added.
[13:13:34.741842][info] loadPairs: image pair (1518694747, 1756587576) added.
[13:13:34.742842][info] loadPairs: image pair (1518694747, 1764197627) added.
[13:13:34.742842][info] loadPairs: image pair (1518694747, 1778664660) added.
[13:13:34.742842][info] loadPairs: image pair (1518694747, 1789404339) added.
[13:13:34.742842][info] loadPairs: image pair (1518694747, 1812901642) added.
[13:13:34.742842][info] loadPairs: image pair (1518694747, 1847073189) added.
[13:13:34.743843][info] loadPairs: image pair (1518694747, 1889844248) added.
[13:13:34.743843][info] loadPairs: image pair (1518694747, 1890966247) added.
[13:13:34.743843][info] loadPairs: image pair (1518694747, 1899878787) added.
[13:13:34.743843][info] loadPairs: image pair (1518694747, 1905295286) added.
[13:13:34.743843][info] loadPairs: image pair (1518694747, 1930272984) added.
[13:13:34.744842][info] loadPairs: image pair (1518694747, 1963348489) added.
[13:13:34.744842][info] loadPairs: image pair (1518694747, 1983265070) added.
[13:13:34.744842][info] loadPairs: image pair (1518694747, 2037031379) added.
[13:13:34.744842][info] loadPairs: image pair (1518694747, 2063224989) added.
[13:13:34.744842][info] loadPairs: image pair (1518694747, 2068307099) added.
[13:13:34.745842][info] loadPairs: image pair (1518694747, 2071467912) added.
[13:13:34.745842][info] loadPairs: image pair (1518694747, 2072992088) added.
[13:13:34.745842][info] loadPairs: image pair (1518694747, 2079979104) added.
[13:13:34.745842][info] loadPairs: image pair (1518694747, 2116456553) added.
[13:13:34.746842][info] loadPairs: image pair (1518694747, 2136008698) added.
[13:13:34.746842][info] loadPairs: image pair (1528017630, 1549288932) added.
[13:13:34.746842][info] loadPairs: image pair (1528017630, 1552135573) added.
[13:13:34.746842][info] loadPairs: image pair (1528017630, 1555668470) added.
[13:13:34.746842][info] loadPairs: image pair (1528017630, 1567683569) added.
[13:13:34.747842][info] loadPairs: image pair (1528017630, 1589659490) added.
[13:13:34.747842][info] loadPairs: image pair (1528017630, 1597505101) added.
[13:13:34.747842][info] loadPairs: image pair (1528017630, 1601847743) added.
[13:13:34.747842][info] loadPairs: image pair (1528017630, 1613687421) added.
[13:13:34.747842][info] loadPairs: image pair (1528017630, 1645304695) added.
[13:13:34.748842][info] loadPairs: image pair (1528017630, 1662624740) added.
[13:13:34.748842][info] loadPairs: image pair (1528017630, 1678946140) added.
[13:13:34.748842][info] loadPairs: image pair (1528017630, 1688124412) added.
[13:13:34.748842][info] loadPairs: image pair (1528017630, 1713817945) added.
[13:13:34.749842][info] loadPairs: image pair (1528017630, 1715005649) added.
[13:13:34.749842][info] loadPairs: image pair (1528017630, 1756587576) added.
[13:13:34.749842][info] loadPairs: image pair (1528017630, 1764197627) added.
[13:13:34.750844][info] loadPairs: image pair (1528017630, 1778664660) added.
[13:13:34.750844][info] loadPairs: image pair (1528017630, 1789404339) added.
[13:13:34.750844][info] loadPairs: image pair (1528017630, 1812901642) added.
[13:13:34.750844][info] loadPairs: image pair (1528017630, 1847073189) added.
[13:13:34.750844][info] loadPairs: image pair (1528017630, 1889844248) added.
[13:13:34.751844][info] loadPairs: image pair (1528017630, 1890966247) added.
[13:13:34.751844][info] loadPairs: image pair (1528017630, 1899878787) added.
[13:13:34.751844][info] loadPairs: image pair (1528017630, 1905295286) added.
[13:13:34.751844][info] loadPairs: image pair (1528017630, 1930272984) added.
[13:13:34.752845][info] loadPairs: image pair (1528017630, 1963348489) added.
[13:13:34.752845][info] loadPairs: image pair (1528017630, 1983265070) added.
[13:13:34.752845][info] loadPairs: image pair (1528017630, 2037031379) added.
[13:13:34.752845][info] loadPairs: image pair (1528017630, 2063224989) added.
[13:13:34.752845][info] loadPairs: image pair (1528017630, 2068307099) added.
[13:13:34.753842][info] loadPairs: image pair (1528017630, 2071467912) added.
[13:13:34.753842][info] loadPairs: image pair (1528017630, 2072992088) added.
[13:13:34.753842][info] loadPairs: image pair (1528017630, 2079979104) added.
[13:13:34.753842][info] loadPairs: image pair (1528017630, 2116456553) added.
[13:13:34.754844][info] loadPairs: image pair (1528017630, 2136008698) added.
[13:13:34.754844][info] loadPairs: image pair (1549288932, 1552135573) added.
[13:13:34.754844][info] loadPairs: image pair (1549288932, 1555668470) added.
[13:13:34.754844][info] loadPairs: image pair (1549288932, 1567683569) added.
[13:13:34.755843][info] loadPairs: image pair (1549288932, 1589659490) added.
[13:13:34.755843][info] loadPairs: image pair (1549288932, 1597505101) added.
[13:13:34.755843][info] loadPairs: image pair (1549288932, 1601847743) added.
[13:13:34.756844][info] loadPairs: image pair (1549288932, 1613687421) added.
[13:13:34.756844][info] loadPairs: image pair (1549288932, 1645304695) added.
[13:13:34.756844][info] loadPairs: image pair (1549288932, 1662624740) added.
[13:13:34.756844][info] loadPairs: image pair (1549288932, 1678946140) added.
[13:13:34.757843][info] loadPairs: image pair (1549288932, 1688124412) added.
[13:13:34.757843][info] loadPairs: image pair (1549288932, 1713817945) added.
[13:13:34.757843][info] loadPairs: image pair (1549288932, 1715005649) added.
[13:13:34.757843][info] loadPairs: image pair (1549288932, 1756587576) added.
[13:13:34.758843][info] loadPairs: image pair (1549288932, 1764197627) added.
[13:13:34.758843][info] loadPairs: image pair (1549288932, 1778664660) added.
[13:13:34.758843][info] loadPairs: image pair (1549288932, 1789404339) added.
[13:13:34.758843][info] loadPairs: image pair (1549288932, 1812901642) added.
[13:13:34.758843][info] loadPairs: image pair (1549288932, 1847073189) added.
[13:13:34.759843][info] loadPairs: image pair (1549288932, 1889844248) added.
[13:13:34.759843][info] loadPairs: image pair (1549288932, 1890966247) added.
[13:13:34.759843][info] loadPairs: image pair (1549288932, 1899878787) added.
[13:13:34.759843][info] loadPairs: image pair (1549288932, 1905295286) added.
[13:13:34.760844][info] loadPairs: image pair (1549288932, 1930272984) added.
[13:13:34.760844][info] loadPairs: image pair (1549288932, 1963348489) added.
[13:13:34.760844][info] loadPairs: image pair (1549288932, 1983265070) added.
[13:13:34.760844][info] loadPairs: image pair (1549288932, 2037031379) added.
[13:13:34.761846][info] loadPairs: image pair (1549288932, 2063224989) added.
[13:13:34.761846][info] loadPairs: image pair (1549288932, 2068307099) added.
[13:13:34.761846][info] loadPairs: image pair (1549288932, 2071467912) added.
[13:13:34.761846][info] loadPairs: image pair (1549288932, 2072992088) added.
[13:13:34.762844][info] loadPairs: image pair (1549288932, 2079979104) added.
[13:13:34.762844][info] loadPairs: image pair (1549288932, 2116456553) added.
[13:13:34.762844][info] loadPairs: image pair (1549288932, 2136008698) added.
[13:13:34.762844][info] loadPairs: image pair (1552135573, 1555668470) added.
[13:13:34.763845][info] loadPairs: image pair (1552135573, 1567683569) added.
[13:13:34.763845][info] loadPairs: image pair (1552135573, 1589659490) added.
[13:13:34.763845][info] loadPairs: image pair (1552135573, 1597505101) added.
[13:13:34.763845][info] loadPairs: image pair (1552135573, 1601847743) added.
[13:13:34.763845][info] loadPairs: image pair (1552135573, 1613687421) added.
[13:13:34.764844][info] loadPairs: image pair (1552135573, 1645304695) added.
[13:13:34.764844][info] loadPairs: image pair (1552135573, 1662624740) added.
[13:13:34.765843][info] loadPairs: image pair (1552135573, 1678946140) added.
[13:13:34.765843][info] loadPairs: image pair (1552135573, 1688124412) added.
[13:13:34.765843][info] loadPairs: image pair (1552135573, 1713817945) added.
[13:13:34.765843][info] loadPairs: image pair (1552135573, 1715005649) added.
[13:13:34.766845][info] loadPairs: image pair (1552135573, 1756587576) added.
[13:13:34.766845][info] loadPairs: image pair (1552135573, 1764197627) added.
[13:13:34.766845][info] loadPairs: image pair (1552135573, 1778664660) added.
[13:13:34.766845][info] loadPairs: image pair (1552135573, 1789404339) added.
[13:13:34.767843][info] loadPairs: image pair (1552135573, 1812901642) added.
[13:13:34.767843][info] loadPairs: image pair (1552135573, 1847073189) added.
[13:13:34.767843][info] loadPairs: image pair (1552135573, 1889844248) added.
[13:13:34.767843][info] loadPairs: image pair (1552135573, 1890966247) added.
[13:13:34.768843][info] loadPairs: image pair (1552135573, 1899878787) added.
[13:13:34.768843][info] loadPairs: image pair (1552135573, 1905295286) added.
[13:13:34.768843][info] loadPairs: image pair (1552135573, 1930272984) added.
[13:13:34.768843][info] loadPairs: image pair (1552135573, 1963348489) added.
[13:13:34.768843][info] loadPairs: image pair (1552135573, 1983265070) added.
[13:13:34.769849][info] loadPairs: image pair (1552135573, 2037031379) added.
[13:13:34.769849][info] loadPairs: image pair (1552135573, 2063224989) added.
[13:13:34.769849][info] loadPairs: image pair (1552135573, 2068307099) added.
[13:13:34.769849][info] loadPairs: image pair (1552135573, 2071467912) added.
[13:13:34.770849][info] loadPairs: image pair (1552135573, 2072992088) added.
[13:13:34.770849][info] loadPairs: image pair (1552135573, 2079979104) added.
[13:13:34.770849][info] loadPairs: image pair (1552135573, 2116456553) added.
[13:13:34.770849][info] loadPairs: image pair (1552135573, 2136008698) added.
[13:13:34.771849][info] loadPairs: image pair (1555668470, 1567683569) added.
[13:13:34.771849][info] loadPairs: image pair (1555668470, 1589659490) added.
[13:13:34.771849][info] loadPairs: image pair (1555668470, 1597505101) added.
[13:13:34.771849][info] loadPairs: image pair (1555668470, 1601847743) added.
[13:13:34.771849][info] loadPairs: image pair (1555668470, 1613687421) added.
[13:13:34.772849][info] loadPairs: image pair (1555668470, 1645304695) added.
[13:13:34.772849][info] loadPairs: image pair (1555668470, 1662624740) added.
[13:13:34.772849][info] loadPairs: image pair (1555668470, 1678946140) added.
[13:13:34.772849][info] loadPairs: image pair (1555668470, 1688124412) added.
[13:13:34.773848][info] loadPairs: image pair (1555668470, 1713817945) added.
[13:13:34.773848][info] loadPairs: image pair (1555668470, 1715005649) added.
[13:13:34.773848][info] loadPairs: image pair (1555668470, 1756587576) added.
[13:13:34.773848][info] loadPairs: image pair (1555668470, 1764197627) added.
[13:13:34.774848][info] loadPairs: image pair (1555668470, 1778664660) added.
[13:13:34.774848][info] loadPairs: image pair (1555668470, 1789404339) added.
[13:13:34.774848][info] loadPairs: image pair (1555668470, 1812901642) added.
[13:13:34.774848][info] loadPairs: image pair (1555668470, 1847073189) added.
[13:13:34.775848][info] loadPairs: image pair (1555668470, 1889844248) added.
[13:13:34.775848][info] loadPairs: image pair (1555668470, 1890966247) added.
[13:13:34.775848][info] loadPairs: image pair (1555668470, 1899878787) added.
[13:13:34.775848][info] loadPairs: image pair (1555668470, 1905295286) added.
[13:13:34.775848][info] loadPairs: image pair (1555668470, 1930272984) added.
[13:13:34.776849][info] loadPairs: image pair (1555668470, 1963348489) added.
[13:13:34.776849][info] loadPairs: image pair (1555668470, 1983265070) added.
[13:13:34.776849][info] loadPairs: image pair (1555668470, 2037031379) added.
[13:13:34.776849][info] loadPairs: image pair (1555668470, 2063224989) added.
[13:13:34.777850][info] loadPairs: image pair (1555668470, 2068307099) added.
[13:13:34.777850][info] loadPairs: image pair (1555668470, 2071467912) added.
[13:13:34.777850][info] loadPairs: image pair (1555668470, 2072992088) added.
[13:13:34.777850][info] loadPairs: image pair (1555668470, 2079979104) added.
[13:13:34.778848][info] loadPairs: image pair (1555668470, 2116456553) added.
[13:13:34.778848][info] loadPairs: image pair (1555668470, 2136008698) added.
[13:13:34.778848][info] loadPairs: image pair (1567683569, 1589659490) added.
[13:13:34.778848][info] loadPairs: image pair (1567683569, 1597505101) added.
[13:13:34.779848][info] loadPairs: image pair (1567683569, 1601847743) added.
[13:13:34.779848][info] loadPairs: image pair (1567683569, 1613687421) added.
[13:13:34.779848][info] loadPairs: image pair (1567683569, 1645304695) added.
[13:13:34.779848][info] loadPairs: image pair (1567683569, 1662624740) added.
[13:13:34.779848][info] loadPairs: image pair (1567683569, 1678946140) added.
[13:13:34.780847][info] loadPairs: image pair (1567683569, 1688124412) added.
[13:13:34.780847][info] loadPairs: image pair (1567683569, 1713817945) added.
[13:13:34.780847][info] loadPairs: image pair (1567683569, 1715005649) added.
[13:13:34.780847][info] loadPairs: image pair (1567683569, 1756587576) added.
[13:13:34.781850][info] loadPairs: image pair (1567683569, 1764197627) added.
[13:13:34.781850][info] loadPairs: image pair (1567683569, 1778664660) added.
[13:13:34.781850][info] loadPairs: image pair (1567683569, 1789404339) added.
[13:13:34.781850][info] loadPairs: image pair (1567683569, 1812901642) added.
[13:13:34.782848][info] loadPairs: image pair (1567683569, 1847073189) added.
[13:13:34.782848][info] loadPairs: image pair (1567683569, 1889844248) added.
[13:13:34.782848][info] loadPairs: image pair (1567683569, 1890966247) added.
[13:13:34.782848][info] loadPairs: image pair (1567683569, 1899878787) added.
[13:13:34.782848][info] loadPairs: image pair (1567683569, 1905295286) added.
[13:13:34.783848][info] loadPairs: image pair (1567683569, 1930272984) added.
[13:13:34.783848][info] loadPairs: image pair (1567683569, 1963348489) added.
[13:13:34.783848][info] loadPairs: image pair (1567683569, 1983265070) added.
[13:13:34.783848][info] loadPairs: image pair (1567683569, 2037031379) added.
[13:13:34.783848][info] loadPairs: image pair (1567683569, 2063224989) added.
[13:13:34.783848][info] loadPairs: image pair (1567683569, 2068307099) added.
[13:13:34.785232][info] loadPairs: image pair (1567683569, 2071467912) added.
[13:13:34.785232][info] loadPairs: image pair (1567683569, 2072992088) added.
[13:13:34.785232][info] loadPairs: image pair (1567683569, 2079979104) added.
[13:13:34.785232][info] loadPairs: image pair (1567683569, 2116456553) added.
[13:13:34.785232][info] loadPairs: image pair (1567683569, 2136008698) added.
[13:13:34.786232][info] loadPairs: image pair (1589659490, 1597505101) added.
[13:13:34.786232][info] loadPairs: image pair (1589659490, 1601847743) added.
[13:13:34.786232][info] loadPairs: image pair (1589659490, 1613687421) added.
[13:13:34.786232][info] loadPairs: image pair (1589659490, 1645304695) added.
[13:13:34.787232][info] loadPairs: image pair (1589659490, 1662624740) added.
[13:13:34.787232][info] loadPairs: image pair (1589659490, 1678946140) added.
[13:13:34.787232][info] loadPairs: image pair (1589659490, 1688124412) added.
[13:13:34.787232][info] loadPairs: image pair (1589659490, 1713817945) added.
[13:13:34.787232][info] loadPairs: image pair (1589659490, 1715005649) added.
[13:13:34.788235][info] loadPairs: image pair (1589659490, 1756587576) added.
[13:13:34.788235][info] loadPairs: image pair (1589659490, 1764197627) added.
[13:13:34.788235][info] loadPairs: image pair (1589659490, 1778664660) added.
[13:13:34.788235][info] loadPairs: image pair (1589659490, 1789404339) added.
[13:13:34.789232][info] loadPairs: image pair (1589659490, 1812901642) added.
[13:13:34.789232][info] loadPairs: image pair (1589659490, 1847073189) added.
[13:13:34.789232][info] loadPairs: image pair (1589659490, 1889844248) added.
[13:13:34.789232][info] loadPairs: image pair (1589659490, 1890966247) added.
[13:13:34.789232][info] loadPairs: image pair (1589659490, 1899878787) added.
[13:13:34.790232][info] loadPairs: image pair (1589659490, 1905295286) added.
[13:13:34.790232][info] loadPairs: image pair (1589659490, 1930272984) added.
[13:13:34.790232][info] loadPairs: image pair (1589659490, 1963348489) added.
[13:13:34.790232][info] loadPairs: image pair (1589659490, 1983265070) added.
[13:13:34.791232][info] loadPairs: image pair (1589659490, 2037031379) added.
[13:13:34.791232][info] loadPairs: image pair (1589659490, 2063224989) added.
[13:13:34.791232][info] loadPairs: image pair (1589659490, 2068307099) added.
[13:13:34.791232][info] loadPairs: image pair (1589659490, 2071467912) added.
[13:13:34.792232][info] loadPairs: image pair (1589659490, 2072992088) added.
[13:13:34.792232][info] loadPairs: image pair (1589659490, 2079979104) added.
[13:13:34.792232][info] loadPairs: image pair (1589659490, 2116456553) added.
[13:13:34.792232][info] loadPairs: image pair (1589659490, 2136008698) added.
[13:13:34.792232][info] loadPairs: image pair (1597505101, 1601847743) added.
[13:13:34.793232][info] loadPairs: image pair (1597505101, 1613687421) added.
[13:13:34.793232][info] loadPairs: image pair (1597505101, 1645304695) added.
[13:13:34.793232][info] loadPairs: image pair (1597505101, 1662624740) added.
[13:13:34.793232][info] loadPairs: image pair (1597505101, 1678946140) added.
[13:13:34.794232][info] loadPairs: image pair (1597505101, 1688124412) added.
[13:13:34.794232][info] loadPairs: image pair (1597505101, 1713817945) added.
[13:13:34.794232][info] loadPairs: image pair (1597505101, 1715005649) added.
[13:13:34.794232][info] loadPairs: image pair (1597505101, 1756587576) added.
[13:13:34.794232][info] loadPairs: image pair (1597505101, 1764197627) added.
[13:13:34.795232][info] loadPairs: image pair (1597505101, 1778664660) added.
[13:13:34.795232][info] loadPairs: image pair (1597505101, 1789404339) added.
[13:13:34.795232][info] loadPairs: image pair (1597505101, 1812901642) added.
[13:13:34.795232][info] loadPairs: image pair (1597505101, 1847073189) added.
[13:13:34.796232][info] loadPairs: image pair (1597505101, 1889844248) added.
[13:13:34.796232][info] loadPairs: image pair (1597505101, 1890966247) added.
[13:13:34.796232][info] loadPairs: image pair (1597505101, 1899878787) added.
[13:13:34.796232][info] loadPairs: image pair (1597505101, 1905295286) added.
[13:13:34.797233][info] loadPairs: image pair (1597505101, 1930272984) added.
[13:13:34.797233][info] loadPairs: image pair (1597505101, 1963348489) added.
[13:13:34.797233][info] loadPairs: image pair (1597505101, 1983265070) added.
[13:13:34.797233][info] loadPairs: image pair (1597505101, 2037031379) added.
[13:13:34.797233][info] loadPairs: image pair (1597505101, 2063224989) added.
[13:13:34.798232][info] loadPairs: image pair (1597505101, 2068307099) added.
[13:13:34.798232][info] loadPairs: image pair (1597505101, 2071467912) added.
[13:13:34.798232][info] loadPairs: image pair (1597505101, 2072992088) added.
[13:13:34.798232][info] loadPairs: image pair (1597505101, 2079979104) added.
[13:13:34.799232][info] loadPairs: image pair (1597505101, 2116456553) added.
[13:13:34.799232][info] loadPairs: image pair (1597505101, 2136008698) added.
[13:13:34.799232][info] loadPairs: image pair (1601847743, 1613687421) added.
[13:13:34.799232][info] loadPairs: image pair (1601847743, 1645304695) added.
[13:13:34.799232][info] loadPairs: image pair (1601847743, 1662624740) added.
[13:13:34.800232][info] loadPairs: image pair (1601847743, 1678946140) added.
[13:13:34.800232][info] loadPairs: image pair (1601847743, 1688124412) added.
[13:13:34.800232][info] loadPairs: image pair (1601847743, 1713817945) added.
[13:13:34.800232][info] loadPairs: image pair (1601847743, 1715005649) added.
[13:13:34.801232][info] loadPairs: image pair (1601847743, 1756587576) added.
[13:13:34.801232][info] loadPairs: image pair (1601847743, 1764197627) added.
[13:13:34.801232][info] loadPairs: image pair (1601847743, 1778664660) added.
[13:13:34.801232][info] loadPairs: image pair (1601847743, 1789404339) added.
[13:13:34.801232][info] loadPairs: image pair (1601847743, 1812901642) added.
[13:13:34.802232][info] loadPairs: image pair (1601847743, 1847073189) added.
[13:13:34.802232][info] loadPairs: image pair (1601847743, 1889844248) added.
[13:13:34.802232][info] loadPairs: image pair (1601847743, 1890966247) added.
[13:13:34.802232][info] loadPairs: image pair (1601847743, 1899878787) added.
[13:13:34.802232][info] loadPairs: image pair (1601847743, 1905295286) added.
[13:13:34.803232][info] loadPairs: image pair (1601847743, 1930272984) added.
[13:13:34.803232][info] loadPairs: image pair (1601847743, 1963348489) added.
[13:13:34.803232][info] loadPairs: image pair (1601847743, 1983265070) added.
[13:13:34.803232][info] loadPairs: image pair (1601847743, 2037031379) added.
[13:13:34.804232][info] loadPairs: image pair (1601847743, 2063224989) added.
[13:13:34.804232][info] loadPairs: image pair (1601847743, 2068307099) added.
[13:13:34.804232][info] loadPairs: image pair (1601847743, 2071467912) added.
[13:13:34.804232][info] loadPairs: image pair (1601847743, 2072992088) added.
[13:13:34.805232][info] loadPairs: image pair (1601847743, 2079979104) added.
[13:13:34.805232][info] loadPairs: image pair (1601847743, 2116456553) added.
[13:13:34.805232][info] loadPairs: image pair (1601847743, 2136008698) added.
[13:13:34.805232][info] loadPairs: image pair (1613687421, 1645304695) added.
[13:13:34.805232][info] loadPairs: image pair (1613687421, 1662624740) added.
[13:13:34.806232][info] loadPairs: image pair (1613687421, 1678946140) added.
[13:13:34.806232][info] loadPairs: image pair (1613687421, 1688124412) added.
[13:13:34.806232][info] loadPairs: image pair (1613687421, 1713817945) added.
[13:13:34.806232][info] loadPairs: image pair (1613687421, 1715005649) added.
[13:13:34.807232][info] loadPairs: image pair (1613687421, 1756587576) added.
[13:13:34.807232][info] loadPairs: image pair (1613687421, 1764197627) added.
[13:13:34.807232][info] loadPairs: image pair (1613687421, 1778664660) added.
[13:13:34.807232][info] loadPairs: image pair (1613687421, 1789404339) added.
[13:13:34.808232][info] loadPairs: image pair (1613687421, 1812901642) added.
[13:13:34.808232][info] loadPairs: image pair (1613687421, 1847073189) added.
[13:13:34.808232][info] loadPairs: image pair (1613687421, 1889844248) added.
[13:13:34.808232][info] loadPairs: image pair (1613687421, 1890966247) added.
[13:13:34.808232][info] loadPairs: image pair (1613687421, 1899878787) added.
[13:13:34.809232][info] loadPairs: image pair (1613687421, 1905295286) added.
[13:13:34.809232][info] loadPairs: image pair (1613687421, 1930272984) added.
[13:13:34.809232][info] loadPairs: image pair (1613687421, 1963348489) added.
[13:13:34.809232][info] loadPairs: image pair (1613687421, 1983265070) added.
[13:13:34.809232][info] loadPairs: image pair (1613687421, 2037031379) added.
[13:13:34.810232][info] loadPairs: image pair (1613687421, 2063224989) added.
[13:13:34.810232][info] loadPairs: image pair (1613687421, 2068307099) added.
[13:13:34.810232][info] loadPairs: image pair (1613687421, 2071467912) added.
[13:13:34.810232][info] loadPairs: image pair (1613687421, 2072992088) added.
[13:13:34.811232][info] loadPairs: image pair (1613687421, 2079979104) added.
[13:13:34.811232][info] loadPairs: image pair (1613687421, 2116456553) added.
[13:13:34.811232][info] loadPairs: image pair (1613687421, 2136008698) added.
[13:13:34.811232][info] loadPairs: image pair (1645304695, 1662624740) added.
[13:13:34.812232][info] loadPairs: image pair (1645304695, 1678946140) added.
[13:13:34.812232][info] loadPairs: image pair (1645304695, 1688124412) added.
[13:13:34.812232][info] loadPairs: image pair (1645304695, 1713817945) added.
[13:13:34.812232][info] loadPairs: image pair (1645304695, 1715005649) added.
[13:13:34.813234][info] loadPairs: image pair (1645304695, 1756587576) added.
[13:13:34.813234][info] loadPairs: image pair (1645304695, 1764197627) added.
[13:13:34.813234][info] loadPairs: image pair (1645304695, 1778664660) added.
[13:13:34.813234][info] loadPairs: image pair (1645304695, 1789404339) added.
[13:13:34.813234][info] loadPairs: image pair (1645304695, 1812901642) added.
[13:13:34.814232][info] loadPairs: image pair (1645304695, 1847073189) added.
[13:13:34.814232][info] loadPairs: image pair (1645304695, 1889844248) added.
[13:13:34.814232][info] loadPairs: image pair (1645304695, 1890966247) added.
[13:13:34.814232][info] loadPairs: image pair (1645304695, 1899878787) added.
[13:13:34.814232][info] loadPairs: image pair (1645304695, 1905295286) added.
[13:13:34.815232][info] loadPairs: image pair (1645304695, 1930272984) added.
[13:13:34.815232][info] loadPairs: image pair (1645304695, 1963348489) added.
[13:13:34.815232][info] loadPairs: image pair (1645304695, 1983265070) added.
[13:13:34.815232][info] loadPairs: image pair (1645304695, 2037031379) added.
[13:13:34.816232][info] loadPairs: image pair (1645304695, 2063224989) added.
[13:13:34.816232][info] loadPairs: image pair (1645304695, 2068307099) added.
[13:13:34.816232][info] loadPairs: image pair (1645304695, 2071467912) added.
[13:13:34.816232][info] loadPairs: image pair (1645304695, 2072992088) added.
[13:13:34.816232][info] loadPairs: image pair (1645304695, 2079979104) added.
[13:13:34.817232][info] loadPairs: image pair (1645304695, 2116456553) added.
[13:13:34.817232][info] loadPairs: image pair (1645304695, 2136008698) added.
[13:13:34.817232][info] loadPairs: image pair (1662624740, 1678946140) added.
[13:13:34.817232][info] loadPairs: image pair (1662624740, 1688124412) added.
[13:13:34.818232][info] loadPairs: image pair (1662624740, 1713817945) added.
[13:13:34.818232][info] loadPairs: image pair (1662624740, 1715005649) added.
[13:13:34.818232][info] loadPairs: image pair (1662624740, 1756587576) added.
[13:13:34.818232][info] loadPairs: image pair (1662624740, 1764197627) added.
[13:13:34.818232][info] loadPairs: image pair (1662624740, 1778664660) added.
[13:13:34.819232][info] loadPairs: image pair (1662624740, 1789404339) added.
[13:13:34.819232][info] loadPairs: image pair (1662624740, 1812901642) added.
[13:13:34.819232][info] loadPairs: image pair (1662624740, 1847073189) added.
[13:13:34.819232][info] loadPairs: image pair (1662624740, 1889844248) added.
[13:13:34.819232][info] loadPairs: image pair (1662624740, 1890966247) added.
[13:13:34.820232][info] loadPairs: image pair (1662624740, 1899878787) added.
[13:13:34.820232][info] loadPairs: image pair (1662624740, 1905295286) added.
[13:13:34.820232][info] loadPairs: image pair (1662624740, 1930272984) added.
[13:13:34.820232][info] loadPairs: image pair (1662624740, 1963348489) added.
[13:13:34.821232][info] loadPairs: image pair (1662624740, 1983265070) added.
[13:13:34.821232][info] loadPairs: image pair (1662624740, 2037031379) added.
[13:13:34.821232][info] loadPairs: image pair (1662624740, 2063224989) added.
[13:13:34.821232][info] loadPairs: image pair (1662624740, 2068307099) added.
[13:13:34.821232][info] loadPairs: image pair (1662624740, 2071467912) added.
[13:13:34.822232][info] loadPairs: image pair (1662624740, 2072992088) added.
[13:13:34.822232][info] loadPairs: image pair (1662624740, 2079979104) added.
[13:13:34.822232][info] loadPairs: image pair (1662624740, 2116456553) added.
[13:13:34.822232][info] loadPairs: image pair (1662624740, 2136008698) added.
[13:13:34.823232][info] loadPairs: image pair (1678946140, 1688124412) added.
[13:13:34.823232][info] loadPairs: image pair (1678946140, 1713817945) added.
[13:13:34.823232][info] loadPairs: image pair (1678946140, 1715005649) added.
[13:13:34.824232][info] loadPairs: image pair (1678946140, 1756587576) added.
[13:13:34.824232][info] loadPairs: image pair (1678946140, 1764197627) added.
[13:13:34.824232][info] loadPairs: image pair (1678946140, 1778664660) added.
[13:13:34.824232][info] loadPairs: image pair (1678946140, 1789404339) added.
[13:13:34.825232][info] loadPairs: image pair (1678946140, 1812901642) added.
[13:13:34.825232][info] loadPairs: image pair (1678946140, 1847073189) added.
[13:13:34.825232][info] loadPairs: image pair (1678946140, 1889844248) added.
[13:13:34.825232][info] loadPairs: image pair (1678946140, 1890966247) added.
[13:13:34.825232][info] loadPairs: image pair (1678946140, 1899878787) added.
[13:13:34.826232][info] loadPairs: image pair (1678946140, 1905295286) added.
[13:13:34.826232][info] loadPairs: image pair (1678946140, 1930272984) added.
[13:13:34.826232][info] loadPairs: image pair (1678946140, 1963348489) added.
[13:13:34.826232][info] loadPairs: image pair (1678946140, 1983265070) added.
[13:13:34.827232][info] loadPairs: image pair (1678946140, 2037031379) added.
[13:13:34.827232][info] loadPairs: image pair (1678946140, 2063224989) added.
[13:13:34.827232][info] loadPairs: image pair (1678946140, 2068307099) added.
[13:13:34.827232][info] loadPairs: image pair (1678946140, 2071467912) added.
[13:13:34.827232][info] loadPairs: image pair (1678946140, 2072992088) added.
[13:13:34.828232][info] loadPairs: image pair (1678946140, 2079979104) added.
[13:13:34.828232][info] loadPairs: image pair (1678946140, 2116456553) added.
[13:13:34.828232][info] loadPairs: image pair (1678946140, 2136008698) added.
[13:13:34.828232][info] loadPairs: image pair (1688124412, 1713817945) added.
[13:13:34.829233][info] loadPairs: image pair (1688124412, 1715005649) added.
[13:13:34.829233][info] loadPairs: image pair (1688124412, 1756587576) added.
[13:13:34.829233][info] loadPairs: image pair (1688124412, 1764197627) added.
[13:13:34.829233][info] loadPairs: image pair (1688124412, 1778664660) added.
[13:13:34.830232][info] loadPairs: image pair (1688124412, 1789404339) added.
[13:13:34.830232][info] loadPairs: image pair (1688124412, 1812901642) added.
[13:13:34.830232][info] loadPairs: image pair (1688124412, 1847073189) added.
[13:13:34.830232][info] loadPairs: image pair (1688124412, 1889844248) added.
[13:13:34.830232][info] loadPairs: image pair (1688124412, 1890966247) added.
[13:13:34.831232][info] loadPairs: image pair (1688124412, 1899878787) added.
[13:13:34.831232][info] loadPairs: image pair (1688124412, 1905295286) added.
[13:13:34.831232][info] loadPairs: image pair (1688124412, 1930272984) added.
[13:13:34.831232][info] loadPairs: image pair (1688124412, 1963348489) added.
[13:13:34.831232][info] loadPairs: image pair (1688124412, 1983265070) added.
[13:13:34.832232][info] loadPairs: image pair (1688124412, 2037031379) added.
[13:13:34.832232][info] loadPairs: image pair (1688124412, 2063224989) added.
[13:13:34.832232][info] loadPairs: image pair (1688124412, 2068307099) added.
[13:13:34.832232][info] loadPairs: image pair (1688124412, 2071467912) added.
[13:13:34.833232][info] loadPairs: image pair (1688124412, 2072992088) added.
[13:13:34.833232][info] loadPairs: image pair (1688124412, 2079979104) added.
[13:13:34.833232][info] loadPairs: image pair (1688124412, 2116456553) added.
[13:13:34.833232][info] loadPairs: image pair (1688124412, 2136008698) added.
[13:13:34.834232][info] loadPairs: image pair (1713817945, 1715005649) added.
[13:13:34.834232][info] loadPairs: image pair (1713817945, 1756587576) added.
[13:13:34.834232][info] loadPairs: image pair (1713817945, 1764197627) added.
[13:13:34.834232][info] loadPairs: image pair (1713817945, 1778664660) added.
[13:13:34.834232][info] loadPairs: image pair (1713817945, 1789404339) added.
[13:13:34.835232][info] loadPairs: image pair (1713817945, 1812901642) added.
[13:13:34.835232][info] loadPairs: image pair (1713817945, 1847073189) added.
[13:13:34.835232][info] loadPairs: image pair (1713817945, 1889844248) added.
[13:13:34.835232][info] loadPairs: image pair (1713817945, 1890966247) added.
[13:13:34.835232][info] loadPairs: image pair (1713817945, 1899878787) added.
[13:13:34.836232][info] loadPairs: image pair (1713817945, 1905295286) added.
[13:13:34.836232][info] loadPairs: image pair (1713817945, 1930272984) added.
[13:13:34.836232][info] loadPairs: image pair (1713817945, 1963348489) added.
[13:13:34.836232][info] loadPairs: image pair (1713817945, 1983265070) added.
[13:13:34.836232][info] loadPairs: image pair (1713817945, 2037031379) added.
[13:13:34.837232][info] loadPairs: image pair (1713817945, 2063224989) added.
[13:13:34.837232][info] loadPairs: image pair (1713817945, 2068307099) added.
[13:13:34.837232][info] loadPairs: image pair (1713817945, 2071467912) added.
[13:13:34.837232][info] loadPairs: image pair (1713817945, 2072992088) added.
[13:13:34.838232][info] loadPairs: image pair (1713817945, 2079979104) added.
[13:13:34.838232][info] loadPairs: image pair (1713817945, 2116456553) added.
[13:13:34.838232][info] loadPairs: image pair (1713817945, 2136008698) added.
[13:13:34.838232][info] loadPairs: image pair (1715005649, 1756587576) added.
[13:13:34.839232][info] loadPairs: image pair (1715005649, 1764197627) added.
[13:13:34.839232][info] loadPairs: image pair (1715005649, 1778664660) added.
[13:13:34.839232][info] loadPairs: image pair (1715005649, 1789404339) added.
[13:13:34.839232][info] loadPairs: image pair (1715005649, 1812901642) added.
[13:13:34.839232][info] loadPairs: image pair (1715005649, 1847073189) added.
[13:13:34.840232][info] loadPairs: image pair (1715005649, 1889844248) added.
[13:13:34.840232][info] loadPairs: image pair (1715005649, 1890966247) added.
[13:13:34.840232][info] loadPairs: image pair (1715005649, 1899878787) added.
[13:13:34.840232][info] loadPairs: image pair (1715005649, 1905295286) added.
[13:13:34.841232][info] loadPairs: image pair (1715005649, 1930272984) added.
[13:13:34.841232][info] loadPairs: image pair (1715005649, 1963348489) added.
[13:13:34.841232][info] loadPairs: image pair (1715005649, 1983265070) added.
[13:13:34.841232][info] loadPairs: image pair (1715005649, 2037031379) added.
[13:13:34.842232][info] loadPairs: image pair (1715005649, 2063224989) added.
[13:13:34.842232][info] loadPairs: image pair (1715005649, 2068307099) added.
[13:13:34.842232][info] loadPairs: image pair (1715005649, 2071467912) added.
[13:13:34.842232][info] loadPairs: image pair (1715005649, 2072992088) added.
[13:13:34.842232][info] loadPairs: image pair (1715005649, 2079979104) added.
[13:13:34.843232][info] loadPairs: image pair (1715005649, 2116456553) added.
[13:13:34.843232][info] loadPairs: image pair (1715005649, 2136008698) added.
[13:13:34.843232][info] loadPairs: image pair (1756587576, 1764197627) added.
[13:13:34.843232][info] loadPairs: image pair (1756587576, 1778664660) added.
[13:13:34.844232][info] loadPairs: image pair (1756587576, 1789404339) added.
[13:13:34.844232][info] loadPairs: image pair (1756587576, 1812901642) added.
[13:13:34.844232][info] loadPairs: image pair (1756587576, 1847073189) added.
[13:13:34.844232][info] loadPairs: image pair (1756587576, 1889844248) added.
[13:13:34.845235][info] loadPairs: image pair (1756587576, 1890966247) added.
[13:13:34.845235][info] loadPairs: image pair (1756587576, 1899878787) added.
[13:13:34.845235][info] loadPairs: image pair (1756587576, 1905295286) added.
[13:13:34.845235][info] loadPairs: image pair (1756587576, 1930272984) added.
[13:13:34.845235][info] loadPairs: image pair (1756587576, 1963348489) added.
[13:13:34.846232][info] loadPairs: image pair (1756587576, 1983265070) added.
[13:13:34.846232][info] loadPairs: image pair (1756587576, 2037031379) added.
[13:13:34.846232][info] loadPairs: image pair (1756587576, 2063224989) added.
[13:13:34.846232][info] loadPairs: image pair (1756587576, 2068307099) added.
[13:13:34.847232][info] loadPairs: image pair (1756587576, 2071467912) added.
[13:13:34.847232][info] loadPairs: image pair (1756587576, 2072992088) added.
[13:13:34.847232][info] loadPairs: image pair (1756587576, 2079979104) added.
[13:13:34.847232][info] loadPairs: image pair (1756587576, 2116456553) added.
[13:13:34.847232][info] loadPairs: image pair (1756587576, 2136008698) added.
[13:13:34.848232][info] loadPairs: image pair (1764197627, 1778664660) added.
[13:13:34.848232][info] loadPairs: image pair (1764197627, 1789404339) added.
[13:13:34.848232][info] loadPairs: image pair (1764197627, 1812901642) added.
[13:13:34.848232][info] loadPairs: image pair (1764197627, 1847073189) added.
[13:13:34.848232][info] loadPairs: image pair (1764197627, 1889844248) added.
[13:13:34.849232][info] loadPairs: image pair (1764197627, 1890966247) added.
[13:13:34.849232][info] loadPairs: image pair (1764197627, 1899878787) added.
[13:13:34.849232][info] loadPairs: image pair (1764197627, 1905295286) added.
[13:13:34.849232][info] loadPairs: image pair (1764197627, 1930272984) added.
[13:13:34.850232][info] loadPairs: image pair (1764197627, 1963348489) added.
[13:13:34.850232][info] loadPairs: image pair (1764197627, 1983265070) added.
[13:13:34.850232][info] loadPairs: image pair (1764197627, 2037031379) added.
[13:13:34.850232][info] loadPairs: image pair (1764197627, 2063224989) added.
[13:13:34.850232][info] loadPairs: image pair (1764197627, 2068307099) added.
[13:13:34.851232][info] loadPairs: image pair (1764197627, 2071467912) added.
[13:13:34.851232][info] loadPairs: image pair (1764197627, 2072992088) added.
[13:13:34.851232][info] loadPairs: image pair (1764197627, 2079979104) added.
[13:13:34.851232][info] loadPairs: image pair (1764197627, 2116456553) added.
[13:13:34.852232][info] loadPairs: image pair (1764197627, 2136008698) added.
[13:13:34.852232][info] loadPairs: image pair (1778664660, 1789404339) added.
[13:13:34.852232][info] loadPairs: image pair (1778664660, 1812901642) added.
[13:13:34.852232][info] loadPairs: image pair (1778664660, 1847073189) added.
[13:13:34.852232][info] loadPairs: image pair (1778664660, 1889844248) added.
[13:13:34.853232][info] loadPairs: image pair (1778664660, 1890966247) added.
[13:13:34.853232][info] loadPairs: image pair (1778664660, 1899878787) added.
[13:13:34.853232][info] loadPairs: image pair (1778664660, 1905295286) added.
[13:13:34.853232][info] loadPairs: image pair (1778664660, 1930272984) added.
[13:13:34.853232][info] loadPairs: image pair (1778664660, 1963348489) added.
[13:13:34.854232][info] loadPairs: image pair (1778664660, 1983265070) added.
[13:13:34.854232][info] loadPairs: image pair (1778664660, 2037031379) added.
[13:13:34.854232][info] loadPairs: image pair (1778664660, 2063224989) added.
[13:13:34.854232][info] loadPairs: image pair (1778664660, 2068307099) added.
[13:13:34.855232][info] loadPairs: image pair (1778664660, 2071467912) added.
[13:13:34.855232][info] loadPairs: image pair (1778664660, 2072992088) added.
[13:13:34.855232][info] loadPairs: image pair (1778664660, 2079979104) added.
[13:13:34.855232][info] loadPairs: image pair (1778664660, 2116456553) added.
[13:13:34.855232][info] loadPairs: image pair (1778664660, 2136008698) added.
[13:13:34.856232][info] loadPairs: image pair (1789404339, 1812901642) added.
[13:13:34.856232][info] loadPairs: image pair (1789404339, 1847073189) added.
[13:13:34.856232][info] loadPairs: image pair (1789404339, 1889844248) added.
[13:13:34.856232][info] loadPairs: image pair (1789404339, 1890966247) added.
[13:13:34.857232][info] loadPairs: image pair (1789404339, 1899878787) added.
[13:13:34.857232][info] loadPairs: image pair (1789404339, 1905295286) added.
[13:13:34.857232][info] loadPairs: image pair (1789404339, 1930272984) added.
[13:13:34.857232][info] loadPairs: image pair (1789404339, 1963348489) added.
[13:13:34.858232][info] loadPairs: image pair (1789404339, 1983265070) added.
[13:13:34.858232][info] loadPairs: image pair (1789404339, 2037031379) added.
[13:13:34.858232][info] loadPairs: image pair (1789404339, 2063224989) added.
[13:13:34.858232][info] loadPairs: image pair (1789404339, 2068307099) added.
[13:13:34.858232][info] loadPairs: image pair (1789404339, 2071467912) added.
[13:13:34.859232][info] loadPairs: image pair (1789404339, 2072992088) added.
[13:13:34.859232][info] loadPairs: image pair (1789404339, 2079979104) added.
[13:13:34.859232][info] loadPairs: image pair (1789404339, 2116456553) added.
[13:13:34.859232][info] loadPairs: image pair (1789404339, 2136008698) added.
[13:13:34.860232][info] Number of pairs: 530
[13:13:34.860232][info] There are 137 views and 530 image pairs.
[13:13:34.860232][info] Load features and descriptors
Loading regions
0%   10   20   30   40   50   60   70   80   90   100%
|----|----|----|----|----|----|----|----|----|----|
**************[13:13:35.312047][info] Putative matches (unknown poses): 530 image pairs.
[13:13:35.312047][info] akaze_mldb Regions Matching

0%   10   20   30   40   50   60   70   80   90   100%
|----|----|----|----|----|----|----|----|----|----|
***************************************************
[13:13:35.319011][info] No putative feature matches.
